  [1m[35m (103.5ms)[0m  [1m[35mSET NAMES utf8,  @@SESSION.sql_mode = CONCAT(CONCAT(@@sql_mode, ',STRICT_ALL_TABLES'), ',NO_AUTO_VALUE_ON_ZERO'),  @@SESSION.sql_auto_is_null = 0, @@SESSION.wait_timeout = 2147483[0m
  ↳ bin/rails:9
  [1m[35m (3.7ms)[0m  [1m[35mCREATE DATABASE `devise_token_sample_dev` DEFAULT CHARACTER SET `utf8`[0m
  ↳ bin/rails:9
  [1m[35m (0.5ms)[0m  [1m[35mSET NAMES utf8,  @@SESSION.sql_mode = CONCAT(CONCAT(@@sql_mode, ',STRICT_ALL_TABLES'), ',NO_AUTO_VALUE_ON_ZERO'),  @@SESSION.sql_auto_is_null = 0, @@SESSION.wait_timeout = 2147483[0m
  ↳ bin/rails:9
  [1m[35m (0.5ms)[0m  [1m[35mCREATE DATABASE `devise_token_sample_test` DEFAULT CHARACTER SET `utf8`[0m
  ↳ bin/rails:9
  [1m[35m (0.2ms)[0m  [1m[35mSET NAMES utf8,  @@SESSION.sql_mode = CONCAT(CONCAT(@@sql_mode, ',STRICT_ALL_TABLES'), ',NO_AUTO_VALUE_ON_ZERO'),  @@SESSION.sql_auto_is_null = 0, @@SESSION.wait_timeout = 2147483[0m
  ↳ app/models/user.rb:10
  [1m[35m (597.2ms)[0m  [1m[35mCREATE TABLE `schema_migrations` (`version` varchar(255) NOT NULL PRIMARY KEY)[0m
  ↳ bin/rails:9
  [1m[35m (272.5ms)[0m  [1m[35mCREATE TABLE `ar_internal_metadata` (`key` varchar(255) NOT NULL PRIMARY KEY, `value` varchar(255), `created_at` datetime NOT NULL, `updated_at` datetime NOT NULL)[0m
  ↳ bin/rails:9
  [1m[35m (0.5ms)[0m  [1m[34mSELECT GET_LOCK('3457255768245706770', 0)[0m
  ↳ bin/rails:9
  [1m[35m (0.9ms)[0m  [1m[34mSELECT `schema_migrations`.`version` FROM `schema_migrations` ORDER BY `schema_migrations`.`version` ASC[0m
  ↳ bin/rails:9
Migrating to DeviseTokenAuthCreateUsers (20190530070216)
  [1m[35m (315.3ms)[0m  [1m[35mCREATE TABLE `users` (`id` bigint NOT NULL AUTO_INCREMENT PRIMARY KEY, `provider` varchar(255) DEFAULT 'email' NOT NULL, `uid` varchar(255) DEFAULT '' NOT NULL, `encrypted_password` varchar(255) DEFAULT '' NOT NULL, `reset_password_token` varchar(255), `reset_password_sent_at` datetime, `allow_password_change` tinyint(1) DEFAULT FALSE, `remember_created_at` datetime, `confirmation_token` varchar(255), `confirmed_at` datetime, `confirmation_sent_at` datetime, `unconfirmed_email` varchar(255), `name` varchar(255), `nickname` varchar(255), `image` varchar(255), `email` varchar(255), `tokens` text, `created_at` datetime NOT NULL, `updated_at` datetime NOT NULL)[0m
  ↳ db/migrate/20190530070216_devise_token_auth_create_users.rb:3
  [1m[35m (214.2ms)[0m  [1m[35mCREATE UNIQUE INDEX `index_users_on_email`  ON `users` (`email`) [0m
  ↳ db/migrate/20190530070216_devise_token_auth_create_users.rb:43
  [1m[35m (199.1ms)[0m  [1m[35mCREATE UNIQUE INDEX `index_users_on_uid_and_provider`  ON `users` (`uid`, `provider`) [0m
  ↳ db/migrate/20190530070216_devise_token_auth_create_users.rb:44
  [1m[35m (241.6ms)[0m  [1m[35mCREATE UNIQUE INDEX `index_users_on_reset_password_token`  ON `users` (`reset_password_token`) [0m
  ↳ db/migrate/20190530070216_devise_token_auth_create_users.rb:45
  [1m[35m (291.5ms)[0m  [1m[35mCREATE UNIQUE INDEX `index_users_on_confirmation_token`  ON `users` (`confirmation_token`) [0m
  ↳ db/migrate/20190530070216_devise_token_auth_create_users.rb:46
  [1m[35m (0.4ms)[0m  [1m[35mBEGIN[0m
  ↳ bin/rails:9
  [1m[36mActiveRecord::SchemaMigration Create (0.7ms)[0m  [1m[32mINSERT INTO `schema_migrations` (`version`) VALUES ('20190530070216')[0m
  ↳ bin/rails:9
  [1m[35m (55.3ms)[0m  [1m[35mCOMMIT[0m
  ↳ bin/rails:9
  [1m[36mActiveRecord::InternalMetadata Load (0.3ms)[0m  [1m[34mSELECT  `ar_internal_metadata`.* FROM `ar_internal_metadata` WHERE `ar_internal_metadata`.`key` = 'environment' LIMIT 1[0m
  ↳ bin/rails:9
  [1m[35m (0.2ms)[0m  [1m[35mBEGIN[0m
  ↳ bin/rails:9
  [1m[36mActiveRecord::InternalMetadata Create (0.3ms)[0m  [1m[32mINSERT INTO `ar_internal_metadata` (`key`, `value`, `created_at`, `updated_at`) VALUES ('environment', 'development', '2019-05-30 07:37:07', '2019-05-30 07:37:07')[0m
  ↳ bin/rails:9
  [1m[35m (41.7ms)[0m  [1m[35mCOMMIT[0m
  ↳ bin/rails:9
  [1m[35m (0.5ms)[0m  [1m[34mSELECT RELEASE_LOCK('3457255768245706770')[0m
  ↳ bin/rails:9
  [1m[35m (0.5ms)[0m  [1m[34mSELECT `schema_migrations`.`version` FROM `schema_migrations` ORDER BY `schema_migrations`.`version` ASC[0m
  ↳ bin/rails:9
  [1m[35m (0.2ms)[0m  [1m[35mSET NAMES utf8,  @@SESSION.sql_mode = CONCAT(CONCAT(@@sql_mode, ',STRICT_ALL_TABLES'), ',NO_AUTO_VALUE_ON_ZERO'),  @@SESSION.sql_auto_is_null = 0, @@SESSION.wait_timeout = 2147483[0m
  ↳ app/models/user.rb:10
  [1m[35m (0.7ms)[0m  [1m[35mSET NAMES utf8,  @@SESSION.sql_mode = CONCAT(CONCAT(@@sql_mode, ',STRICT_ALL_TABLES'), ',NO_AUTO_VALUE_ON_ZERO'),  @@SESSION.sql_auto_is_null = 0, @@SESSION.wait_timeout = 2147483[0m
  [1m[36mUser Load (0.5ms)[0m  [1m[34mSELECT  `users`.* FROM `users` ORDER BY `users`.`id` ASC LIMIT 1[0m
  [1m[35m (0.3ms)[0m  [1m[35mSET NAMES utf8,  @@SESSION.sql_mode = CONCAT(CONCAT(@@sql_mode, ',STRICT_ALL_TABLES'), ',NO_AUTO_VALUE_ON_ZERO'),  @@SESSION.sql_auto_is_null = 0, @@SESSION.wait_timeout = 2147483[0m
  ↳ app/models/user.rb:10
  [1m[35m (0.2ms)[0m  [1m[34mSELECT `schema_migrations`.`version` FROM `schema_migrations` ORDER BY `schema_migrations`.`version` ASC[0m
  ↳ bin/rails:9
  [1m[35m (0.2ms)[0m  [1m[35mBEGIN[0m
  ↳ db/seeds.rb:1
  [1m[36mUser Exists (1.7ms)[0m  [1m[34mSELECT  1 AS one FROM `users` WHERE `users`.`email` = BINARY 'token-base-auth@example.com' AND `users`.`provider` = 'email' LIMIT 1[0m
  ↳ db/seeds.rb:1
  [1m[36mUser Create (0.2ms)[0m  [1m[32mINSERT INTO `users` (`uid`, `encrypted_password`, `name`, `nickname`, `email`, `tokens`, `created_at`, `updated_at`) VALUES ('token-base-auth@example.com', '$2a$11$KsHUaRINaIuRjuFeHfjObOgCohAXEUbsvARYNGH8Qvu6rfqi9PaZe', 'Bucky Barnes', 'Winter Soldier', 'token-base-auth@example.com', '{}', '2019-05-30 07:41:22', '2019-05-30 07:41:22')[0m
  ↳ db/seeds.rb:1
  [1m[35m (53.1ms)[0m  [1m[35mCOMMIT[0m
  ↳ db/seeds.rb:1
  [1m[35m (20.1ms)[0m  [1m[34mSELECT COUNT(*) FROM `users`[0m
  [1m[36mUser Load (0.7ms)[0m  [1m[34mSELECT  `users`.* FROM `users` ORDER BY `users`.`id` ASC LIMIT 1[0m
  [1m[35m (0.2ms)[0m  [1m[35mSET NAMES utf8,  @@SESSION.sql_mode = CONCAT(CONCAT(@@sql_mode, ',STRICT_ALL_TABLES'), ',NO_AUTO_VALUE_ON_ZERO'),  @@SESSION.sql_auto_is_null = 0, @@SESSION.wait_timeout = 2147483[0m
  ↳ app/models/user.rb:10
  [1m[35m (0.2ms)[0m  [1m[35mSET NAMES utf8,  @@SESSION.sql_mode = CONCAT(CONCAT(@@sql_mode, ',STRICT_ALL_TABLES'), ',NO_AUTO_VALUE_ON_ZERO'),  @@SESSION.sql_auto_is_null = 0, @@SESSION.wait_timeout = 2147483[0m
  ↳ app/models/user.rb:10
  [1m[35m (0.6ms)[0m  [1m[35mSET NAMES utf8,  @@SESSION.sql_mode = CONCAT(CONCAT(@@sql_mode, ',STRICT_ALL_TABLES'), ',NO_AUTO_VALUE_ON_ZERO'),  @@SESSION.sql_auto_is_null = 0, @@SESSION.wait_timeout = 2147483[0m
  [1m[36mUser Load (0.6ms)[0m  [1m[34mSELECT  `users`.* FROM `users` ORDER BY `users`.`id` ASC LIMIT 1[0m
  [1m[35m (0.2ms)[0m  [1m[35mSET NAMES utf8,  @@SESSION.sql_mode = CONCAT(CONCAT(@@sql_mode, ',STRICT_ALL_TABLES'), ',NO_AUTO_VALUE_ON_ZERO'),  @@SESSION.sql_auto_is_null = 0, @@SESSION.wait_timeout = 2147483[0m
  ↳ app/models/user.rb:10
  [1m[35m (0.2ms)[0m  [1m[35mSET NAMES utf8,  @@SESSION.sql_mode = CONCAT(CONCAT(@@sql_mode, ',STRICT_ALL_TABLES'), ',NO_AUTO_VALUE_ON_ZERO'),  @@SESSION.sql_auto_is_null = 0, @@SESSION.wait_timeout = 2147483[0m
  ↳ app/models/user.rb:10
  [1m[35m (0.2ms)[0m  [1m[35mSET NAMES utf8,  @@SESSION.sql_mode = CONCAT(CONCAT(@@sql_mode, ',STRICT_ALL_TABLES'), ',NO_AUTO_VALUE_ON_ZERO'),  @@SESSION.sql_auto_is_null = 0, @@SESSION.wait_timeout = 2147483[0m
  ↳ app/models/user.rb:10
Started POST "/authen/sign_in" for ::1 at 2019-05-30 14:55:19 +0700
  [1m[35m (0.5ms)[0m  [1m[35mSET NAMES utf8,  @@SESSION.sql_mode = CONCAT(CONCAT(@@sql_mode, ',STRICT_ALL_TABLES'), ',NO_AUTO_VALUE_ON_ZERO'),  @@SESSION.sql_auto_is_null = 0, @@SESSION.wait_timeout = 2147483[0m
  ↳ /home/spectre/.rbenv/versions/2.6.0/lib/ruby/gems/2.6.0/gems/activerecord-5.2.3/lib/active_record/log_subscriber.rb:98
  [1m[35m (0.2ms)[0m  [1m[34mSELECT `schema_migrations`.`version` FROM `schema_migrations` ORDER BY `schema_migrations`.`version` ASC[0m
  ↳ /home/spectre/.rbenv/versions/2.6.0/lib/ruby/gems/2.6.0/gems/activerecord-5.2.3/lib/active_record/log_subscriber.rb:98
Processing by DeviseTokenAuth::SessionsController#create as */*
  Parameters: {"email"=>"token-base-auth@example.com", "password"=>"[FILTERED]", "session"=>{"email"=>"token-base-auth@example.com", "password"=>"[FILTERED]"}}
Unpermitted parameter: :session
Unpermitted parameter: :session
  [1m[36mUser Load (0.3ms)[0m  [1m[34mSELECT  `users`.* FROM `users` WHERE (BINARY email = 'token-base-auth@example.com' AND provider= 'email') ORDER BY `users`.`id` ASC LIMIT 1[0m
  ↳ /home/spectre/.rbenv/versions/2.6.0/lib/ruby/gems/2.6.0/gems/activerecord-5.2.3/lib/active_record/log_subscriber.rb:98
Unpermitted parameter: :session
Unpermitted parameter: :session
  [1m[35m (0.2ms)[0m  [1m[35mBEGIN[0m
  ↳ /home/spectre/.rbenv/versions/2.6.0/lib/ruby/gems/2.6.0/gems/activerecord-5.2.3/lib/active_record/log_subscriber.rb:98
  [1m[36mUser Update (13.0ms)[0m  [1m[33mUPDATE `users` SET `tokens` = '{\"QeB3A2b117hO9MMtwCB9uA\":{\"token\":\"$2a$10$Cis3mHwvQhA0JyxGDKBBLulNVB86qDiOT3TttewhcuiImFRuFVHhy\",\"expiry\":1560412530}}', `updated_at` = '2019-05-30 07:55:30' WHERE `users`.`id` = 1[0m
  ↳ /home/spectre/.rbenv/versions/2.6.0/lib/ruby/gems/2.6.0/gems/activerecord-5.2.3/lib/active_record/log_subscriber.rb:98
  [1m[35m (64.3ms)[0m  [1m[35mCOMMIT[0m
  ↳ /home/spectre/.rbenv/versions/2.6.0/lib/ruby/gems/2.6.0/gems/activerecord-5.2.3/lib/active_record/log_subscriber.rb:98
Completed 500 Internal Server Error in 329ms (ActiveRecord: 78.1ms)


  
NoMethodError (undefined method `current_sign_in_at' for #<User:0x000055a734c9fbe0>):
  
activemodel (5.2.3) lib/active_model/attribute_methods.rb:430:in `method_missing'
devise (4.6.2) lib/devise/models/trackable.rb:21:in `update_tracked_fields'
devise (4.6.2) lib/devise/models/trackable.rb:39:in `update_tracked_fields!'
devise (4.6.2) lib/devise/hooks/trackable.rb:9:in `block in <main>'
warden (1.2.8) lib/warden/hooks.rb:15:in `block in _run_callbacks'
warden (1.2.8) lib/warden/hooks.rb:10:in `each'
warden (1.2.8) lib/warden/hooks.rb:10:in `_run_callbacks'
warden (1.2.8) lib/warden/manager.rb:52:in `_run_callbacks'
warden (1.2.8) lib/warden/proxy.rb:191:in `set_user'
devise (4.6.2) lib/devise/controllers/sign_in_out.rb:53:in `sign_in'
devise_token_auth (1.1.0) app/controllers/devise_token_auth/sessions_controller.rb:32:in `create'
actionpack (5.2.3) lib/action_controller/metal/basic_implicit_render.rb:6:in `send_action'
actionpack (5.2.3) lib/abstract_controller/base.rb:194:in `process_action'
actionpack (5.2.3) lib/action_controller/metal/rendering.rb:30:in `process_action'
actionpack (5.2.3) lib/abstract_controller/callbacks.rb:42:in `block in process_action'
activesupport (5.2.3) lib/active_support/callbacks.rb:132:in `run_callbacks'
actionpack (5.2.3) lib/abstract_controller/callbacks.rb:41:in `process_action'
actionpack (5.2.3) lib/action_controller/metal/rescue.rb:22:in `process_action'
actionpack (5.2.3) lib/action_controller/metal/instrumentation.rb:34:in `block in process_action'
activesupport (5.2.3) lib/active_support/notifications.rb:168:in `block in instrument'
activesupport (5.2.3) lib/active_support/notifications/instrumenter.rb:23:in `instrument'
activesupport (5.2.3) lib/active_support/notifications.rb:168:in `instrument'
actionpack (5.2.3) lib/action_controller/metal/instrumentation.rb:32:in `process_action'
actionpack (5.2.3) lib/action_controller/metal/params_wrapper.rb:256:in `process_action'
activerecord (5.2.3) lib/active_record/railties/controller_runtime.rb:24:in `process_action'
actionpack (5.2.3) lib/abstract_controller/base.rb:134:in `process'
actionpack (5.2.3) lib/action_controller/metal.rb:191:in `dispatch'
actionpack (5.2.3) lib/action_controller/metal.rb:252:in `dispatch'
actionpack (5.2.3) lib/action_dispatch/routing/route_set.rb:52:in `dispatch'
actionpack (5.2.3) lib/action_dispatch/routing/route_set.rb:34:in `serve'
actionpack (5.2.3) lib/action_dispatch/routing/mapper.rb:18:in `block in <class:Constraints>'
actionpack (5.2.3) lib/action_dispatch/routing/mapper.rb:48:in `serve'
actionpack (5.2.3) lib/action_dispatch/journey/router.rb:52:in `block in serve'
actionpack (5.2.3) lib/action_dispatch/journey/router.rb:35:in `each'
actionpack (5.2.3) lib/action_dispatch/journey/router.rb:35:in `serve'
actionpack (5.2.3) lib/action_dispatch/routing/route_set.rb:840:in `call'
warden (1.2.8) lib/warden/manager.rb:36:in `block in call'
warden (1.2.8) lib/warden/manager.rb:34:in `catch'
warden (1.2.8) lib/warden/manager.rb:34:in `call'
rack (2.0.7) lib/rack/etag.rb:25:in `call'
rack (2.0.7) lib/rack/conditional_get.rb:38:in `call'
rack (2.0.7) lib/rack/head.rb:12:in `call'
activerecord (5.2.3) lib/active_record/migration.rb:559:in `call'
actionpack (5.2.3) lib/action_dispatch/middleware/callbacks.rb:28:in `block in call'
activesupport (5.2.3) lib/active_support/callbacks.rb:98:in `run_callbacks'
actionpack (5.2.3) lib/action_dispatch/middleware/callbacks.rb:26:in `call'
actionpack (5.2.3) lib/action_dispatch/middleware/executor.rb:14:in `call'
actionpack (5.2.3) lib/action_dispatch/middleware/debug_exceptions.rb:61:in `call'
actionpack (5.2.3) lib/action_dispatch/middleware/show_exceptions.rb:33:in `call'
railties (5.2.3) lib/rails/rack/logger.rb:38:in `call_app'
railties (5.2.3) lib/rails/rack/logger.rb:26:in `block in call'
activesupport (5.2.3) lib/active_support/tagged_logging.rb:71:in `block in tagged'
activesupport (5.2.3) lib/active_support/tagged_logging.rb:28:in `tagged'
activesupport (5.2.3) lib/active_support/tagged_logging.rb:71:in `tagged'
railties (5.2.3) lib/rails/rack/logger.rb:26:in `call'
actionpack (5.2.3) lib/action_dispatch/middleware/remote_ip.rb:81:in `call'
actionpack (5.2.3) lib/action_dispatch/middleware/request_id.rb:27:in `call'
rack (2.0.7) lib/rack/runtime.rb:22:in `call'
activesupport (5.2.3) lib/active_support/cache/strategy/local_cache_middleware.rb:29:in `call'
actionpack (5.2.3) lib/action_dispatch/middleware/executor.rb:14:in `call'
actionpack (5.2.3) lib/action_dispatch/middleware/static.rb:127:in `call'
rack (2.0.7) lib/rack/sendfile.rb:111:in `call'
rack-cors (1.0.3) lib/rack/cors.rb:95:in `call'
railties (5.2.3) lib/rails/engine.rb:524:in `call'
puma (3.12.1) lib/puma/configuration.rb:227:in `call'
puma (3.12.1) lib/puma/server.rb:660:in `handle_request'
puma (3.12.1) lib/puma/server.rb:474:in `process_client'
puma (3.12.1) lib/puma/server.rb:334:in `block in run'
puma (3.12.1) lib/puma/thread_pool.rb:135:in `block in spawn_thread'
  [1m[35m (0.2ms)[0m  [1m[35mSET NAMES utf8,  @@SESSION.sql_mode = CONCAT(CONCAT(@@sql_mode, ',STRICT_ALL_TABLES'), ',NO_AUTO_VALUE_ON_ZERO'),  @@SESSION.sql_auto_is_null = 0, @@SESSION.wait_timeout = 2147483[0m
  ↳ app/models/user.rb:10
  [1m[35m (0.1ms)[0m  [1m[34mSELECT `schema_migrations`.`version` FROM `schema_migrations` ORDER BY `schema_migrations`.`version` ASC[0m
  ↳ bin/rails:9
  [1m[35m (0.1ms)[0m  [1m[34mSELECT `schema_migrations`.`version` FROM `schema_migrations` ORDER BY `schema_migrations`.`version` ASC[0m
  ↳ bin/rails:9
  [1m[35m (0.2ms)[0m  [1m[34mSELECT `schema_migrations`.`version` FROM `schema_migrations` ORDER BY `schema_migrations`.`version` ASC[0m
  ↳ bin/rails:9
  [1m[35m (0.1ms)[0m  [1m[34mSELECT GET_LOCK('3457255768245706770', 0)[0m
  ↳ bin/rails:9
  [1m[35m (0.1ms)[0m  [1m[34mSELECT `schema_migrations`.`version` FROM `schema_migrations` ORDER BY `schema_migrations`.`version` ASC[0m
  ↳ bin/rails:9
Migrating to DeviseTokenAuthCreateUsers (20190530070216)
  [1m[35m (160.9ms)[0m  [1m[35mDROP INDEX `index_users_on_confirmation_token` ON `users`[0m
  ↳ bin/rails:9
  [1m[35m (188.2ms)[0m  [1m[35mDROP INDEX `index_users_on_reset_password_token` ON `users`[0m
  ↳ bin/rails:9
  [1m[35m (133.4ms)[0m  [1m[35mDROP INDEX `index_users_on_uid_and_provider` ON `users`[0m
  ↳ bin/rails:9
  [1m[35m (141.5ms)[0m  [1m[35mDROP INDEX `index_users_on_email` ON `users`[0m
  ↳ bin/rails:9
  [1m[35m (142.0ms)[0m  [1m[35mDROP TABLE `users`[0m
  ↳ bin/rails:9
  [1m[36mActiveRecord::SchemaMigration Destroy (66.0ms)[0m  [1m[31mDELETE FROM `schema_migrations` WHERE `schema_migrations`.`version` = '20190530070216'[0m
  ↳ bin/rails:9
  [1m[35m (0.2ms)[0m  [1m[34mSELECT RELEASE_LOCK('3457255768245706770')[0m
  ↳ bin/rails:9
  [1m[35m (0.1ms)[0m  [1m[34mSELECT `schema_migrations`.`version` FROM `schema_migrations` ORDER BY `schema_migrations`.`version` ASC[0m
  ↳ bin/rails:9
  [1m[35m (0.2ms)[0m  [1m[35mSET NAMES utf8,  @@SESSION.sql_mode = CONCAT(CONCAT(@@sql_mode, ',STRICT_ALL_TABLES'), ',NO_AUTO_VALUE_ON_ZERO'),  @@SESSION.sql_auto_is_null = 0, @@SESSION.wait_timeout = 2147483[0m
  ↳ app/models/user.rb:10
  [1m[35m (0.1ms)[0m  [1m[34mSELECT GET_LOCK('3457255768245706770', 0)[0m
  ↳ bin/rails:9
  [1m[35m (0.1ms)[0m  [1m[34mSELECT `schema_migrations`.`version` FROM `schema_migrations` ORDER BY `schema_migrations`.`version` ASC[0m
  ↳ bin/rails:9
Migrating to DeviseTokenAuthCreateUsers (20190530070216)
  [1m[35m (296.8ms)[0m  [1m[35mCREATE TABLE `users` (`id` bigint NOT NULL AUTO_INCREMENT PRIMARY KEY, `provider` varchar(255) DEFAULT 'email' NOT NULL, `uid` varchar(255) DEFAULT '' NOT NULL, `encrypted_password` varchar(255) DEFAULT '' NOT NULL, `reset_password_token` varchar(255), `reset_password_sent_at` datetime, `allow_password_change` tinyint(1) DEFAULT FALSE, `remember_created_at` datetime, `current_sign_in_at` datetime, `confirmation_token` varchar(255), `confirmed_at` datetime, `confirmation_sent_at` datetime, `unconfirmed_email` varchar(255), `name` varchar(255), `nickname` varchar(255), `image` varchar(255), `email` varchar(255), `tokens` text, `created_at` datetime NOT NULL, `updated_at` datetime NOT NULL)[0m
  ↳ db/migrate/20190530070216_devise_token_auth_create_users.rb:3
  [1m[35m (239.1ms)[0m  [1m[35mCREATE UNIQUE INDEX `index_users_on_email`  ON `users` (`email`) [0m
  ↳ db/migrate/20190530070216_devise_token_auth_create_users.rb:44
  [1m[35m (233.2ms)[0m  [1m[35mCREATE UNIQUE INDEX `index_users_on_uid_and_provider`  ON `users` (`uid`, `provider`) [0m
  ↳ db/migrate/20190530070216_devise_token_auth_create_users.rb:45
  [1m[35m (208.3ms)[0m  [1m[35mCREATE UNIQUE INDEX `index_users_on_reset_password_token`  ON `users` (`reset_password_token`) [0m
  ↳ db/migrate/20190530070216_devise_token_auth_create_users.rb:46
  [1m[35m (224.8ms)[0m  [1m[35mCREATE UNIQUE INDEX `index_users_on_confirmation_token`  ON `users` (`confirmation_token`) [0m
  ↳ db/migrate/20190530070216_devise_token_auth_create_users.rb:47
  [1m[35m (0.1ms)[0m  [1m[35mBEGIN[0m
  ↳ bin/rails:9
  [1m[36mActiveRecord::SchemaMigration Create (0.2ms)[0m  [1m[32mINSERT INTO `schema_migrations` (`version`) VALUES ('20190530070216')[0m
  ↳ bin/rails:9
  [1m[35m (31.2ms)[0m  [1m[35mCOMMIT[0m
  ↳ bin/rails:9
  [1m[36mActiveRecord::InternalMetadata Load (0.5ms)[0m  [1m[34mSELECT  `ar_internal_metadata`.* FROM `ar_internal_metadata` WHERE `ar_internal_metadata`.`key` = 'environment' LIMIT 1[0m
  ↳ bin/rails:9
  [1m[35m (0.3ms)[0m  [1m[35mBEGIN[0m
  ↳ bin/rails:9
  [1m[35m (0.3ms)[0m  [1m[35mCOMMIT[0m
  ↳ bin/rails:9
  [1m[35m (0.3ms)[0m  [1m[34mSELECT RELEASE_LOCK('3457255768245706770')[0m
  ↳ bin/rails:9
  [1m[35m (0.4ms)[0m  [1m[34mSELECT `schema_migrations`.`version` FROM `schema_migrations` ORDER BY `schema_migrations`.`version` ASC[0m
  ↳ bin/rails:9
  [1m[35m (0.2ms)[0m  [1m[35mSET NAMES utf8,  @@SESSION.sql_mode = CONCAT(CONCAT(@@sql_mode, ',STRICT_ALL_TABLES'), ',NO_AUTO_VALUE_ON_ZERO'),  @@SESSION.sql_auto_is_null = 0, @@SESSION.wait_timeout = 2147483[0m
  ↳ app/models/user.rb:10
  [1m[35m (0.2ms)[0m  [1m[34mSELECT `schema_migrations`.`version` FROM `schema_migrations` ORDER BY `schema_migrations`.`version` ASC[0m
  ↳ bin/rails:9
  [1m[35m (0.2ms)[0m  [1m[35mBEGIN[0m
  ↳ db/seeds.rb:1
  [1m[36mUser Exists (0.3ms)[0m  [1m[34mSELECT  1 AS one FROM `users` WHERE `users`.`email` = BINARY 'token-base-auth@example.com' AND `users`.`provider` = 'email' LIMIT 1[0m
  ↳ db/seeds.rb:1
  [1m[36mUser Create (0.2ms)[0m  [1m[32mINSERT INTO `users` (`uid`, `encrypted_password`, `name`, `nickname`, `email`, `tokens`, `created_at`, `updated_at`) VALUES ('token-base-auth@example.com', '$2a$11$RBx//Mf.1OshtRSqxBbexONjbXbsO4Sh4gpkdnSPEsNrdxj0UjJbW', 'Bucky Barnes', 'Winter Soldier', 'token-base-auth@example.com', '{}', '2019-05-30 07:58:39', '2019-05-30 07:58:39')[0m
  ↳ db/seeds.rb:1
  [1m[35m (31.5ms)[0m  [1m[35mCOMMIT[0m
  ↳ db/seeds.rb:1
Started POST "/authen/sign_in" for ::1 at 2019-05-30 14:58:47 +0700
  [1m[35m (0.1ms)[0m  [1m[34mSELECT `schema_migrations`.`version` FROM `schema_migrations` ORDER BY `schema_migrations`.`version` ASC[0m
  ↳ /home/spectre/.rbenv/versions/2.6.0/lib/ruby/gems/2.6.0/gems/activerecord-5.2.3/lib/active_record/log_subscriber.rb:98
Processing by DeviseTokenAuth::SessionsController#create as */*
  Parameters: {"email"=>"token-base-auth@example.com", "password"=>"[FILTERED]", "session"=>{"email"=>"token-base-auth@example.com", "password"=>"[FILTERED]"}}
Unpermitted parameter: :session
Unpermitted parameter: :session
  [1m[36mUser Load (0.1ms)[0m  [1m[34mSELECT  `users`.* FROM `users` WHERE (BINARY email = 'token-base-auth@example.com' AND provider= 'email') ORDER BY `users`.`id` ASC LIMIT 1[0m
  ↳ /home/spectre/.rbenv/versions/2.6.0/lib/ruby/gems/2.6.0/gems/activerecord-5.2.3/lib/active_record/log_subscriber.rb:98
Unpermitted parameter: :session
Unpermitted parameter: :session
  [1m[35m (0.2ms)[0m  [1m[35mBEGIN[0m
  ↳ /home/spectre/.rbenv/versions/2.6.0/lib/ruby/gems/2.6.0/gems/activerecord-5.2.3/lib/active_record/log_subscriber.rb:98
  [1m[36mUser Update (0.3ms)[0m  [1m[33mUPDATE `users` SET `tokens` = '{\"pKMT8w51yat24YFTzoafcA\":{\"token\":\"$2a$10$akNMtqx0u2LpBrwFsvimJ.QT2M7HctbrPUvx3z4P7xoPJroQZTvTW\",\"expiry\":1560412727}}', `updated_at` = '2019-05-30 07:58:47' WHERE `users`.`id` = 1[0m
  ↳ /home/spectre/.rbenv/versions/2.6.0/lib/ruby/gems/2.6.0/gems/activerecord-5.2.3/lib/active_record/log_subscriber.rb:98
  [1m[35m (35.1ms)[0m  [1m[35mCOMMIT[0m
  ↳ /home/spectre/.rbenv/versions/2.6.0/lib/ruby/gems/2.6.0/gems/activerecord-5.2.3/lib/active_record/log_subscriber.rb:98
Completed 500 Internal Server Error in 263ms (ActiveRecord: 35.9ms)


  
NoMethodError (undefined method `last_sign_in_at=' for #<User:0x000055a735a60c70>):
  
activemodel (5.2.3) lib/active_model/attribute_methods.rb:430:in `method_missing'
devise (4.6.2) lib/devise/models/trackable.rb:22:in `update_tracked_fields'
devise (4.6.2) lib/devise/models/trackable.rb:39:in `update_tracked_fields!'
devise (4.6.2) lib/devise/hooks/trackable.rb:9:in `block in <main>'
warden (1.2.8) lib/warden/hooks.rb:15:in `block in _run_callbacks'
warden (1.2.8) lib/warden/hooks.rb:10:in `each'
warden (1.2.8) lib/warden/hooks.rb:10:in `_run_callbacks'
warden (1.2.8) lib/warden/manager.rb:52:in `_run_callbacks'
warden (1.2.8) lib/warden/proxy.rb:191:in `set_user'
devise (4.6.2) lib/devise/controllers/sign_in_out.rb:53:in `sign_in'
devise_token_auth (1.1.0) app/controllers/devise_token_auth/sessions_controller.rb:32:in `create'
actionpack (5.2.3) lib/action_controller/metal/basic_implicit_render.rb:6:in `send_action'
actionpack (5.2.3) lib/abstract_controller/base.rb:194:in `process_action'
actionpack (5.2.3) lib/action_controller/metal/rendering.rb:30:in `process_action'
actionpack (5.2.3) lib/abstract_controller/callbacks.rb:42:in `block in process_action'
activesupport (5.2.3) lib/active_support/callbacks.rb:132:in `run_callbacks'
actionpack (5.2.3) lib/abstract_controller/callbacks.rb:41:in `process_action'
actionpack (5.2.3) lib/action_controller/metal/rescue.rb:22:in `process_action'
actionpack (5.2.3) lib/action_controller/metal/instrumentation.rb:34:in `block in process_action'
activesupport (5.2.3) lib/active_support/notifications.rb:168:in `block in instrument'
activesupport (5.2.3) lib/active_support/notifications/instrumenter.rb:23:in `instrument'
activesupport (5.2.3) lib/active_support/notifications.rb:168:in `instrument'
actionpack (5.2.3) lib/action_controller/metal/instrumentation.rb:32:in `process_action'
actionpack (5.2.3) lib/action_controller/metal/params_wrapper.rb:256:in `process_action'
activerecord (5.2.3) lib/active_record/railties/controller_runtime.rb:24:in `process_action'
actionpack (5.2.3) lib/abstract_controller/base.rb:134:in `process'
actionpack (5.2.3) lib/action_controller/metal.rb:191:in `dispatch'
actionpack (5.2.3) lib/action_controller/metal.rb:252:in `dispatch'
actionpack (5.2.3) lib/action_dispatch/routing/route_set.rb:52:in `dispatch'
actionpack (5.2.3) lib/action_dispatch/routing/route_set.rb:34:in `serve'
actionpack (5.2.3) lib/action_dispatch/routing/mapper.rb:18:in `block in <class:Constraints>'
actionpack (5.2.3) lib/action_dispatch/routing/mapper.rb:48:in `serve'
actionpack (5.2.3) lib/action_dispatch/journey/router.rb:52:in `block in serve'
actionpack (5.2.3) lib/action_dispatch/journey/router.rb:35:in `each'
actionpack (5.2.3) lib/action_dispatch/journey/router.rb:35:in `serve'
actionpack (5.2.3) lib/action_dispatch/routing/route_set.rb:840:in `call'
warden (1.2.8) lib/warden/manager.rb:36:in `block in call'
warden (1.2.8) lib/warden/manager.rb:34:in `catch'
warden (1.2.8) lib/warden/manager.rb:34:in `call'
rack (2.0.7) lib/rack/etag.rb:25:in `call'
rack (2.0.7) lib/rack/conditional_get.rb:38:in `call'
rack (2.0.7) lib/rack/head.rb:12:in `call'
activerecord (5.2.3) lib/active_record/migration.rb:559:in `call'
actionpack (5.2.3) lib/action_dispatch/middleware/callbacks.rb:28:in `block in call'
activesupport (5.2.3) lib/active_support/callbacks.rb:98:in `run_callbacks'
actionpack (5.2.3) lib/action_dispatch/middleware/callbacks.rb:26:in `call'
actionpack (5.2.3) lib/action_dispatch/middleware/executor.rb:14:in `call'
actionpack (5.2.3) lib/action_dispatch/middleware/debug_exceptions.rb:61:in `call'
actionpack (5.2.3) lib/action_dispatch/middleware/show_exceptions.rb:33:in `call'
railties (5.2.3) lib/rails/rack/logger.rb:38:in `call_app'
railties (5.2.3) lib/rails/rack/logger.rb:26:in `block in call'
activesupport (5.2.3) lib/active_support/tagged_logging.rb:71:in `block in tagged'
activesupport (5.2.3) lib/active_support/tagged_logging.rb:28:in `tagged'
activesupport (5.2.3) lib/active_support/tagged_logging.rb:71:in `tagged'
railties (5.2.3) lib/rails/rack/logger.rb:26:in `call'
actionpack (5.2.3) lib/action_dispatch/middleware/remote_ip.rb:81:in `call'
actionpack (5.2.3) lib/action_dispatch/middleware/request_id.rb:27:in `call'
rack (2.0.7) lib/rack/runtime.rb:22:in `call'
activesupport (5.2.3) lib/active_support/cache/strategy/local_cache_middleware.rb:29:in `call'
actionpack (5.2.3) lib/action_dispatch/middleware/executor.rb:14:in `call'
actionpack (5.2.3) lib/action_dispatch/middleware/static.rb:127:in `call'
rack (2.0.7) lib/rack/sendfile.rb:111:in `call'
rack-cors (1.0.3) lib/rack/cors.rb:95:in `call'
railties (5.2.3) lib/rails/engine.rb:524:in `call'
puma (3.12.1) lib/puma/configuration.rb:227:in `call'
puma (3.12.1) lib/puma/server.rb:660:in `handle_request'
puma (3.12.1) lib/puma/server.rb:474:in `process_client'
puma (3.12.1) lib/puma/server.rb:334:in `block in run'
puma (3.12.1) lib/puma/thread_pool.rb:135:in `block in spawn_thread'
  [1m[35m (0.2ms)[0m  [1m[35mSET NAMES utf8,  @@SESSION.sql_mode = CONCAT(CONCAT(@@sql_mode, ',STRICT_ALL_TABLES'), ',NO_AUTO_VALUE_ON_ZERO'),  @@SESSION.sql_auto_is_null = 0, @@SESSION.wait_timeout = 2147483[0m
  ↳ app/models/user.rb:10
  [1m[35m (0.1ms)[0m  [1m[34mSELECT `schema_migrations`.`version` FROM `schema_migrations` ORDER BY `schema_migrations`.`version` ASC[0m
  ↳ bin/rails:9
  [1m[35m (0.1ms)[0m  [1m[34mSELECT `schema_migrations`.`version` FROM `schema_migrations` ORDER BY `schema_migrations`.`version` ASC[0m
  ↳ bin/rails:9
  [1m[35m (0.1ms)[0m  [1m[34mSELECT `schema_migrations`.`version` FROM `schema_migrations` ORDER BY `schema_migrations`.`version` ASC[0m
  ↳ bin/rails:9
  [1m[35m (0.1ms)[0m  [1m[34mSELECT GET_LOCK('3457255768245706770', 0)[0m
  ↳ bin/rails:9
  [1m[35m (0.3ms)[0m  [1m[34mSELECT `schema_migrations`.`version` FROM `schema_migrations` ORDER BY `schema_migrations`.`version` ASC[0m
  ↳ bin/rails:9
Migrating to DeviseTokenAuthCreateUsers (20190530070216)
  [1m[35m (169.9ms)[0m  [1m[35mDROP INDEX `index_users_on_confirmation_token` ON `users`[0m
  ↳ bin/rails:9
  [1m[35m (141.7ms)[0m  [1m[35mDROP INDEX `index_users_on_reset_password_token` ON `users`[0m
  ↳ bin/rails:9
  [1m[35m (141.5ms)[0m  [1m[35mDROP INDEX `index_users_on_uid_and_provider` ON `users`[0m
  ↳ bin/rails:9
  [1m[35m (141.6ms)[0m  [1m[35mDROP INDEX `index_users_on_email` ON `users`[0m
  ↳ bin/rails:9
  [1m[35m (133.8ms)[0m  [1m[35mDROP TABLE `users`[0m
  ↳ bin/rails:9
  [1m[36mActiveRecord::SchemaMigration Destroy (32.7ms)[0m  [1m[31mDELETE FROM `schema_migrations` WHERE `schema_migrations`.`version` = '20190530070216'[0m
  ↳ bin/rails:9
  [1m[35m (0.5ms)[0m  [1m[34mSELECT RELEASE_LOCK('3457255768245706770')[0m
  ↳ bin/rails:9
  [1m[35m (0.5ms)[0m  [1m[34mSELECT `schema_migrations`.`version` FROM `schema_migrations` ORDER BY `schema_migrations`.`version` ASC[0m
  ↳ bin/rails:9
  [1m[35m (0.2ms)[0m  [1m[35mSET NAMES utf8,  @@SESSION.sql_mode = CONCAT(CONCAT(@@sql_mode, ',STRICT_ALL_TABLES'), ',NO_AUTO_VALUE_ON_ZERO'),  @@SESSION.sql_auto_is_null = 0, @@SESSION.wait_timeout = 2147483[0m
  ↳ app/models/user.rb:10
  [1m[35m (0.1ms)[0m  [1m[34mSELECT GET_LOCK('3457255768245706770', 0)[0m
  ↳ bin/rails:9
  [1m[35m (0.1ms)[0m  [1m[34mSELECT `schema_migrations`.`version` FROM `schema_migrations` ORDER BY `schema_migrations`.`version` ASC[0m
  ↳ bin/rails:9
Migrating to DeviseTokenAuthCreateUsers (20190530070216)
  [1m[35m (296.9ms)[0m  [1m[35mCREATE TABLE `users` (`id` bigint NOT NULL AUTO_INCREMENT PRIMARY KEY, `provider` varchar(255) DEFAULT 'email' NOT NULL, `uid` varchar(255) DEFAULT '' NOT NULL, `encrypted_password` varchar(255) DEFAULT '' NOT NULL, `reset_password_token` varchar(255), `reset_password_sent_at` datetime, `allow_password_change` tinyint(1) DEFAULT FALSE, `remember_created_at` datetime, `sign_in_count` int DEFAULT 0 NOT NULL, `current_sign_in_at` datetime, `last_sign_in_at` datetime, `current_sign_in_ip` varchar(255), `last_sign_in_ip` varchar(255), `confirmation_token` varchar(255), `confirmed_at` datetime, `confirmation_sent_at` datetime, `unconfirmed_email` varchar(255), `name` varchar(255), `nickname` varchar(255), `image` varchar(255), `email` varchar(255), `tokens` text, `created_at` datetime NOT NULL, `updated_at` datetime NOT NULL)[0m
  ↳ db/migrate/20190530070216_devise_token_auth_create_users.rb:3
  [1m[35m (239.1ms)[0m  [1m[35mCREATE UNIQUE INDEX `index_users_on_email`  ON `users` (`email`) [0m
  ↳ db/migrate/20190530070216_devise_token_auth_create_users.rb:50
  [1m[35m (216.5ms)[0m  [1m[35mCREATE UNIQUE INDEX `index_users_on_uid_and_provider`  ON `users` (`uid`, `provider`) [0m
  ↳ db/migrate/20190530070216_devise_token_auth_create_users.rb:51
  [1m[35m (216.6ms)[0m  [1m[35mCREATE UNIQUE INDEX `index_users_on_reset_password_token`  ON `users` (`reset_password_token`) [0m
  ↳ db/migrate/20190530070216_devise_token_auth_create_users.rb:52
  [1m[35m (208.1ms)[0m  [1m[35mCREATE UNIQUE INDEX `index_users_on_confirmation_token`  ON `users` (`confirmation_token`) [0m
  ↳ db/migrate/20190530070216_devise_token_auth_create_users.rb:53
  [1m[35m (0.2ms)[0m  [1m[35mBEGIN[0m
  ↳ bin/rails:9
  [1m[36mActiveRecord::SchemaMigration Create (0.1ms)[0m  [1m[32mINSERT INTO `schema_migrations` (`version`) VALUES ('20190530070216')[0m
  ↳ bin/rails:9
  [1m[35m (31.5ms)[0m  [1m[35mCOMMIT[0m
  ↳ bin/rails:9
  [1m[36mActiveRecord::InternalMetadata Load (0.2ms)[0m  [1m[34mSELECT  `ar_internal_metadata`.* FROM `ar_internal_metadata` WHERE `ar_internal_metadata`.`key` = 'environment' LIMIT 1[0m
  ↳ bin/rails:9
  [1m[35m (0.1ms)[0m  [1m[35mBEGIN[0m
  ↳ bin/rails:9
  [1m[35m (0.1ms)[0m  [1m[35mCOMMIT[0m
  ↳ bin/rails:9
  [1m[35m (0.1ms)[0m  [1m[34mSELECT RELEASE_LOCK('3457255768245706770')[0m
  ↳ bin/rails:9
  [1m[35m (0.2ms)[0m  [1m[34mSELECT `schema_migrations`.`version` FROM `schema_migrations` ORDER BY `schema_migrations`.`version` ASC[0m
  ↳ bin/rails:9
  [1m[35m (0.2ms)[0m  [1m[35mSET NAMES utf8,  @@SESSION.sql_mode = CONCAT(CONCAT(@@sql_mode, ',STRICT_ALL_TABLES'), ',NO_AUTO_VALUE_ON_ZERO'),  @@SESSION.sql_auto_is_null = 0, @@SESSION.wait_timeout = 2147483[0m
  ↳ app/models/user.rb:10
  [1m[35m (0.1ms)[0m  [1m[34mSELECT `schema_migrations`.`version` FROM `schema_migrations` ORDER BY `schema_migrations`.`version` ASC[0m
  ↳ bin/rails:9
  [1m[35m (0.3ms)[0m  [1m[35mBEGIN[0m
  ↳ db/seeds.rb:1
  [1m[36mUser Exists (0.3ms)[0m  [1m[34mSELECT  1 AS one FROM `users` WHERE `users`.`email` = BINARY 'token-base-auth@example.com' AND `users`.`provider` = 'email' LIMIT 1[0m
  ↳ db/seeds.rb:1
  [1m[36mUser Create (0.2ms)[0m  [1m[32mINSERT INTO `users` (`uid`, `encrypted_password`, `name`, `nickname`, `email`, `tokens`, `created_at`, `updated_at`) VALUES ('token-base-auth@example.com', '$2a$11$s.YJSJGLXNYVudOfHd95/.ZGsJdiLQhdqeTtl/lWG/nchxKPxuk4q', 'Bucky Barnes', 'Winter Soldier', 'token-base-auth@example.com', '{}', '2019-05-30 08:01:08', '2019-05-30 08:01:08')[0m
  ↳ db/seeds.rb:1
  [1m[35m (26.4ms)[0m  [1m[35mCOMMIT[0m
  ↳ db/seeds.rb:1
Started POST "/authen/sign_in" for ::1 at 2019-05-30 15:01:21 +0700
  [1m[35m (0.2ms)[0m  [1m[34mSELECT `schema_migrations`.`version` FROM `schema_migrations` ORDER BY `schema_migrations`.`version` ASC[0m
  ↳ /home/spectre/.rbenv/versions/2.6.0/lib/ruby/gems/2.6.0/gems/activerecord-5.2.3/lib/active_record/log_subscriber.rb:98
Processing by DeviseTokenAuth::SessionsController#create as */*
  Parameters: {"email"=>"token-base-auth@example.com", "password"=>"[FILTERED]", "session"=>{"email"=>"token-base-auth@example.com", "password"=>"[FILTERED]"}}
Unpermitted parameter: :session
Unpermitted parameter: :session
  [1m[36mUser Load (0.2ms)[0m  [1m[34mSELECT  `users`.* FROM `users` WHERE (BINARY email = 'token-base-auth@example.com' AND provider= 'email') ORDER BY `users`.`id` ASC LIMIT 1[0m
  ↳ /home/spectre/.rbenv/versions/2.6.0/lib/ruby/gems/2.6.0/gems/activerecord-5.2.3/lib/active_record/log_subscriber.rb:98
Unpermitted parameter: :session
Unpermitted parameter: :session
  [1m[35m (0.2ms)[0m  [1m[35mBEGIN[0m
  ↳ /home/spectre/.rbenv/versions/2.6.0/lib/ruby/gems/2.6.0/gems/activerecord-5.2.3/lib/active_record/log_subscriber.rb:98
  [1m[36mUser Update (0.3ms)[0m  [1m[33mUPDATE `users` SET `tokens` = '{\"5oIbU6cG0_HTs0JfPKNBuQ\":{\"token\":\"$2a$10$S0Vtq1Siwpy4tI4qg2U86.oKu642OMTx.jXbJo4jqEdwlBlFlXbAS\",\"expiry\":1560412881}}', `updated_at` = '2019-05-30 08:01:21' WHERE `users`.`id` = 1[0m
  ↳ /home/spectre/.rbenv/versions/2.6.0/lib/ruby/gems/2.6.0/gems/activerecord-5.2.3/lib/active_record/log_subscriber.rb:98
  [1m[35m (46.0ms)[0m  [1m[35mCOMMIT[0m
  ↳ /home/spectre/.rbenv/versions/2.6.0/lib/ruby/gems/2.6.0/gems/activerecord-5.2.3/lib/active_record/log_subscriber.rb:98
  [1m[35m (0.3ms)[0m  [1m[35mBEGIN[0m
  ↳ /home/spectre/.rbenv/versions/2.6.0/lib/ruby/gems/2.6.0/gems/activerecord-5.2.3/lib/active_record/log_subscriber.rb:98
  [1m[36mUser Update (0.8ms)[0m  [1m[33mUPDATE `users` SET `sign_in_count` = 1, `current_sign_in_at` = '2019-05-30 08:01:21', `last_sign_in_at` = '2019-05-30 08:01:21', `current_sign_in_ip` = '::1', `last_sign_in_ip` = '::1' WHERE `users`.`id` = 1[0m
  ↳ /home/spectre/.rbenv/versions/2.6.0/lib/ruby/gems/2.6.0/gems/activerecord-5.2.3/lib/active_record/log_subscriber.rb:98
  [1m[35m (77.1ms)[0m  [1m[35mCOMMIT[0m
  ↳ /home/spectre/.rbenv/versions/2.6.0/lib/ruby/gems/2.6.0/gems/activerecord-5.2.3/lib/active_record/log_subscriber.rb:98
[active_model_serializers] Rendered ActiveModel::Serializer::Null with Hash (0.32ms)
  [1m[36mUser Load (0.8ms)[0m  [1m[34mSELECT  `users`.* FROM `users` WHERE `users`.`id` = 1 LIMIT 1[0m
  ↳ /home/spectre/.rbenv/versions/2.6.0/lib/ruby/gems/2.6.0/gems/activerecord-5.2.3/lib/active_record/log_subscriber.rb:98
  [1m[35m (0.4ms)[0m  [1m[35mBEGIN[0m
  ↳ /home/spectre/.rbenv/versions/2.6.0/lib/ruby/gems/2.6.0/gems/activerecord-5.2.3/lib/active_record/log_subscriber.rb:98
  [1m[36mUser Load (0.9ms)[0m  [1m[37mSELECT  `users`.* FROM `users` WHERE `users`.`id` = 1 LIMIT 1 FOR UPDATE[0m
  ↳ /home/spectre/.rbenv/versions/2.6.0/lib/ruby/gems/2.6.0/gems/activerecord-5.2.3/lib/active_record/log_subscriber.rb:98
  [1m[36mUser Update (1.0ms)[0m  [1m[33mUPDATE `users` SET `tokens` = '{\"5oIbU6cG0_HTs0JfPKNBuQ\":{\"token\":\"$2a$10$m8k4O2IcJ.0UuZEgqTiqAeOg/VzjSDhCfFVUnWyYvkpXDMfeI7vEe\",\"expiry\":1560412881,\"last_token\":\"$2a$10$S0Vtq1Siwpy4tI4qg2U86.oKu642OMTx.jXbJo4jqEdwlBlFlXbAS\",\"updated_at\":\"2019-05-30T08:01:21.966Z\"}}', `updated_at` = '2019-05-30 08:01:22' WHERE `users`.`id` = 1[0m
  ↳ /home/spectre/.rbenv/versions/2.6.0/lib/ruby/gems/2.6.0/gems/activerecord-5.2.3/lib/active_record/log_subscriber.rb:98
  [1m[35m (41.7ms)[0m  [1m[35mCOMMIT[0m
  ↳ /home/spectre/.rbenv/versions/2.6.0/lib/ruby/gems/2.6.0/gems/activerecord-5.2.3/lib/active_record/log_subscriber.rb:98
Completed 200 OK in 497ms (Views: 40.2ms | ActiveRecord: 170.2ms)


  [1m[35m (0.2ms)[0m  [1m[35mSET NAMES utf8,  @@SESSION.sql_mode = CONCAT(CONCAT(@@sql_mode, ',STRICT_ALL_TABLES'), ',NO_AUTO_VALUE_ON_ZERO'),  @@SESSION.sql_auto_is_null = 0, @@SESSION.wait_timeout = 2147483[0m
  ↳ app/models/user.rb:10
  [1m[35m (0.9ms)[0m  [1m[35mSET NAMES utf8,  @@SESSION.sql_mode = CONCAT(CONCAT(@@sql_mode, ',STRICT_ALL_TABLES'), ',NO_AUTO_VALUE_ON_ZERO'),  @@SESSION.sql_auto_is_null = 0, @@SESSION.wait_timeout = 2147483[0m
  [1m[36mUser Load (0.7ms)[0m  [1m[34mSELECT  `users`.* FROM `users` ORDER BY `users`.`id` ASC LIMIT 1[0m
  [1m[35m (0.2ms)[0m  [1m[35mSET NAMES utf8,  @@SESSION.sql_mode = CONCAT(CONCAT(@@sql_mode, ',STRICT_ALL_TABLES'), ',NO_AUTO_VALUE_ON_ZERO'),  @@SESSION.sql_auto_is_null = 0, @@SESSION.wait_timeout = 2147483[0m
  ↳ app/models/user.rb:10
  [1m[35m (0.2ms)[0m  [1m[35mSET NAMES utf8,  @@SESSION.sql_mode = CONCAT(CONCAT(@@sql_mode, ',STRICT_ALL_TABLES'), ',NO_AUTO_VALUE_ON_ZERO'),  @@SESSION.sql_auto_is_null = 0, @@SESSION.wait_timeout = 2147483[0m
  ↳ app/models/user.rb:10
  [1m[35m (0.2ms)[0m  [1m[35mSET NAMES utf8,  @@SESSION.sql_mode = CONCAT(CONCAT(@@sql_mode, ',STRICT_ALL_TABLES'), ',NO_AUTO_VALUE_ON_ZERO'),  @@SESSION.sql_auto_is_null = 0, @@SESSION.wait_timeout = 2147483[0m
  ↳ app/models/user.rb:10
  [1m[35m (0.3ms)[0m  [1m[35mSET NAMES utf8,  @@SESSION.sql_mode = CONCAT(CONCAT(@@sql_mode, ',STRICT_ALL_TABLES'), ',NO_AUTO_VALUE_ON_ZERO'),  @@SESSION.sql_auto_is_null = 0, @@SESSION.wait_timeout = 2147483[0m
  [1m[36mSuperHero Load (0.3ms)[0m  [1m[34mSELECT  `super_heros`.* FROM `super_heros` ORDER BY `super_heros`.`id` ASC LIMIT 1[0m
  [1m[35m (0.2ms)[0m  [1m[35mSET NAMES utf8,  @@SESSION.sql_mode = CONCAT(CONCAT(@@sql_mode, ',STRICT_ALL_TABLES'), ',NO_AUTO_VALUE_ON_ZERO'),  @@SESSION.sql_auto_is_null = 0, @@SESSION.wait_timeout = 2147483[0m
  ↳ app/models/user.rb:10
  [1m[35m (0.1ms)[0m  [1m[34mSELECT GET_LOCK('3457255768245706770', 0)[0m
  ↳ bin/rails:9
  [1m[35m (0.2ms)[0m  [1m[34mSELECT `schema_migrations`.`version` FROM `schema_migrations` ORDER BY `schema_migrations`.`version` ASC[0m
  ↳ bin/rails:9
Migrating to CreateSuperHeros (20190530080801)
  [1m[35m (286.9ms)[0m  [1m[35mCREATE TABLE `super_heros` (`id` bigint NOT NULL AUTO_INCREMENT PRIMARY KEY, `name` varchar(255), `skill` varchar(255), `created_at` datetime NOT NULL, `updated_at` datetime NOT NULL)[0m
  ↳ db/migrate/20190530080801_create_super_heros.rb:3
  [1m[35m (0.4ms)[0m  [1m[35mBEGIN[0m
  ↳ bin/rails:9
  [1m[36mActiveRecord::SchemaMigration Create (0.5ms)[0m  [1m[32mINSERT INTO `schema_migrations` (`version`) VALUES ('20190530080801')[0m
  ↳ bin/rails:9
  [1m[35m (67.2ms)[0m  [1m[35mCOMMIT[0m
  ↳ bin/rails:9
  [1m[36mActiveRecord::InternalMetadata Load (0.2ms)[0m  [1m[34mSELECT  `ar_internal_metadata`.* FROM `ar_internal_metadata` WHERE `ar_internal_metadata`.`key` = 'environment' LIMIT 1[0m
  ↳ bin/rails:9
  [1m[35m (0.1ms)[0m  [1m[35mBEGIN[0m
  ↳ bin/rails:9
  [1m[35m (0.1ms)[0m  [1m[35mCOMMIT[0m
  ↳ bin/rails:9
  [1m[35m (0.1ms)[0m  [1m[34mSELECT RELEASE_LOCK('3457255768245706770')[0m
  ↳ bin/rails:9
  [1m[35m (0.2ms)[0m  [1m[34mSELECT `schema_migrations`.`version` FROM `schema_migrations` ORDER BY `schema_migrations`.`version` ASC[0m
  ↳ bin/rails:9
  [1m[35m (0.2ms)[0m  [1m[35mSET NAMES utf8,  @@SESSION.sql_mode = CONCAT(CONCAT(@@sql_mode, ',STRICT_ALL_TABLES'), ',NO_AUTO_VALUE_ON_ZERO'),  @@SESSION.sql_auto_is_null = 0, @@SESSION.wait_timeout = 2147483[0m
  ↳ app/models/user.rb:10
  [1m[35m (0.6ms)[0m  [1m[35mSET NAMES utf8,  @@SESSION.sql_mode = CONCAT(CONCAT(@@sql_mode, ',STRICT_ALL_TABLES'), ',NO_AUTO_VALUE_ON_ZERO'),  @@SESSION.sql_auto_is_null = 0, @@SESSION.wait_timeout = 2147483[0m
  [1m[36mSuperHero Load (0.6ms)[0m  [1m[34mSELECT  `super_heros`.* FROM `super_heros` ORDER BY `super_heros`.`id` ASC LIMIT 1[0m
  [1m[35m (0.2ms)[0m  [1m[35mBEGIN[0m
  [1m[36mSuperHero Create (0.2ms)[0m  [1m[32mINSERT INTO `super_heros` (`name`, `skill`, `created_at`, `updated_at`) VALUES ('Captain America', 'Super Soldier', '2019-05-30 08:15:07', '2019-05-30 08:15:07')[0m
  [1m[35m (31.1ms)[0m  [1m[35mCOMMIT[0m
  [1m[35m (0.2ms)[0m  [1m[35mSET NAMES utf8,  @@SESSION.sql_mode = CONCAT(CONCAT(@@sql_mode, ',STRICT_ALL_TABLES'), ',NO_AUTO_VALUE_ON_ZERO'),  @@SESSION.sql_auto_is_null = 0, @@SESSION.wait_timeout = 2147483[0m
  ↳ app/models/user.rb:10
Started GET "/super_heros" for ::1 at 2019-05-30 15:20:41 +0700
  [1m[35m (0.3ms)[0m  [1m[35mSET NAMES utf8,  @@SESSION.sql_mode = CONCAT(CONCAT(@@sql_mode, ',STRICT_ALL_TABLES'), ',NO_AUTO_VALUE_ON_ZERO'),  @@SESSION.sql_auto_is_null = 0, @@SESSION.wait_timeout = 2147483[0m
  ↳ app/models/user.rb:10
  [1m[35m (1.0ms)[0m  [1m[34mSELECT `schema_migrations`.`version` FROM `schema_migrations` ORDER BY `schema_migrations`.`version` ASC[0m
  ↳ /home/spectre/.rbenv/versions/2.6.0/lib/ruby/gems/2.6.0/gems/activerecord-5.2.3/lib/active_record/log_subscriber.rb:98
Processing by SuperHerosController#index as */*
  Parameters: {"super_hero"=>{}}
[active_model_serializers] Rendered ActiveModel::Serializer::Null with Hash (0.05ms)
Filter chain halted as :authenticate_user! rendered or redirected
Completed 401 Unauthorized in 247ms (Views: 5.8ms | ActiveRecord: 0.4ms)


Started GET "/super_heros" for ::1 at 2019-05-30 15:21:41 +0700
Processing by SuperHerosController#index as */*
  Parameters: {"super_hero"=>{}}
  [1m[36mUser Load (0.3ms)[0m  [1m[34mSELECT  `users`.* FROM `users` WHERE `users`.`uid` = 'token-base-auth@example.com' LIMIT 1[0m
  ↳ /home/spectre/.rbenv/versions/2.6.0/lib/ruby/gems/2.6.0/gems/activerecord-5.2.3/lib/active_record/log_subscriber.rb:98
  [1m[36mCACHE User Load (0.0ms)[0m  [1m[34mSELECT  `users`.* FROM `users` WHERE `users`.`uid` = 'token-base-auth@example.com' LIMIT 1[0m  [["uid", "token-base-auth@example.com"], ["LIMIT", 1]]
  ↳ /home/spectre/.rbenv/versions/2.6.0/lib/ruby/gems/2.6.0/gems/activerecord-5.2.3/lib/active_record/log_subscriber.rb:98
[active_model_serializers] Rendered ActiveModel::Serializer::Null with Hash (0.04ms)
Filter chain halted as :authenticate_user! rendered or redirected
Completed 401 Unauthorized in 72ms (Views: 1.0ms | ActiveRecord: 0.5ms)


Started GET "/super_heros" for ::1 at 2019-05-30 15:23:33 +0700
Processing by SuperHerosController#index as */*
  Parameters: {"super_hero"=>{}}
  [1m[36mUser Load (0.3ms)[0m  [1m[34mSELECT  `users`.* FROM `users` WHERE `users`.`uid` = 'token-base-auth@example.com' LIMIT 1[0m
  ↳ /home/spectre/.rbenv/versions/2.6.0/lib/ruby/gems/2.6.0/gems/activerecord-5.2.3/lib/active_record/log_subscriber.rb:98
  [1m[36mSuperHero Load (0.2ms)[0m  [1m[34mSELECT `super_heros`.* FROM `super_heros`[0m
  ↳ app/controllers/super_heros_controller.rb:8
No serializer found for resource: #<SuperHero id: 1, name: "Captain America", skill: "Super Soldier", created_at: "2019-05-30 08:15:07", updated_at: "2019-05-30 08:15:07">
[active_model_serializers] Rendered ActiveModel::Serializer::CollectionSerializer with SuperHero::ActiveRecord_Relation (0.14ms)
  [1m[36mUser Load (0.3ms)[0m  [1m[34mSELECT  `users`.* FROM `users` WHERE `users`.`id` = 1 LIMIT 1[0m
  ↳ /home/spectre/.rbenv/versions/2.6.0/lib/ruby/gems/2.6.0/gems/activerecord-5.2.3/lib/active_record/log_subscriber.rb:98
  [1m[35m (0.1ms)[0m  [1m[35mBEGIN[0m
  ↳ /home/spectre/.rbenv/versions/2.6.0/lib/ruby/gems/2.6.0/gems/activerecord-5.2.3/lib/active_record/log_subscriber.rb:98
  [1m[36mUser Load (0.2ms)[0m  [1m[37mSELECT  `users`.* FROM `users` WHERE `users`.`id` = 1 LIMIT 1 FOR UPDATE[0m
  ↳ /home/spectre/.rbenv/versions/2.6.0/lib/ruby/gems/2.6.0/gems/activerecord-5.2.3/lib/active_record/log_subscriber.rb:98
  [1m[36mUser Update (0.3ms)[0m  [1m[33mUPDATE `users` SET `tokens` = '{\"5oIbU6cG0_HTs0JfPKNBuQ\":{\"token\":\"$2a$10$RycD9VqxjlWGgDM5VsyBP.ANURdtxjwem4IiSEeNUyBZ0rRED9YVq\",\"expiry\":1560414214,\"last_token\":\"$2a$10$m8k4O2IcJ.0UuZEgqTiqAeOg/VzjSDhCfFVUnWyYvkpXDMfeI7vEe\",\"updated_at\":\"2019-05-30T08:23:34.041Z\"}}', `updated_at` = '2019-05-30 08:23:34' WHERE `users`.`id` = 1[0m
  ↳ /home/spectre/.rbenv/versions/2.6.0/lib/ruby/gems/2.6.0/gems/activerecord-5.2.3/lib/active_record/log_subscriber.rb:98
  [1m[35m (31.8ms)[0m  [1m[35mCOMMIT[0m
  ↳ /home/spectre/.rbenv/versions/2.6.0/lib/ruby/gems/2.6.0/gems/activerecord-5.2.3/lib/active_record/log_subscriber.rb:98
Completed 200 OK in 201ms (Views: 34.9ms | ActiveRecord: 33.5ms)


Started GET "/super_heros" for ::1 at 2019-05-30 15:24:16 +0700
Processing by SuperHerosController#index as */*
  Parameters: {"super_hero"=>{}}
  [1m[36mUser Load (0.3ms)[0m  [1m[34mSELECT  `users`.* FROM `users` WHERE `users`.`uid` = 'token-base-auth@example.com' LIMIT 1[0m
  ↳ /home/spectre/.rbenv/versions/2.6.0/lib/ruby/gems/2.6.0/gems/activerecord-5.2.3/lib/active_record/log_subscriber.rb:98
  [1m[36mCACHE User Load (0.0ms)[0m  [1m[34mSELECT  `users`.* FROM `users` WHERE `users`.`uid` = 'token-base-auth@example.com' LIMIT 1[0m  [["uid", "token-base-auth@example.com"], ["LIMIT", 1]]
  ↳ /home/spectre/.rbenv/versions/2.6.0/lib/ruby/gems/2.6.0/gems/activerecord-5.2.3/lib/active_record/log_subscriber.rb:98
[active_model_serializers] Rendered ActiveModel::Serializer::Null with Hash (0.05ms)
Filter chain halted as :authenticate_user! rendered or redirected
Completed 401 Unauthorized in 123ms (Views: 58.6ms | ActiveRecord: 0.3ms)


Started GET "/super_heros" for ::1 at 2019-05-30 15:25:11 +0700
Processing by SuperHerosController#index as */*
  Parameters: {"super_hero"=>{}}
  [1m[36mUser Load (0.3ms)[0m  [1m[34mSELECT  `users`.* FROM `users` WHERE `users`.`uid` = 'token-base-auth@example.com' LIMIT 1[0m
  ↳ /home/spectre/.rbenv/versions/2.6.0/lib/ruby/gems/2.6.0/gems/activerecord-5.2.3/lib/active_record/log_subscriber.rb:98
  [1m[36mSuperHero Load (0.6ms)[0m  [1m[34mSELECT `super_heros`.* FROM `super_heros`[0m
  ↳ app/controllers/super_heros_controller.rb:8
No serializer found for resource: #<SuperHero id: 1, name: "Captain America", skill: "Super Soldier", created_at: "2019-05-30 08:15:07", updated_at: "2019-05-30 08:15:07">
[active_model_serializers] Rendered ActiveModel::Serializer::CollectionSerializer with SuperHero::ActiveRecord_Relation (0.25ms)
  [1m[36mUser Load (0.3ms)[0m  [1m[34mSELECT  `users`.* FROM `users` WHERE `users`.`id` = 1 LIMIT 1[0m
  ↳ /home/spectre/.rbenv/versions/2.6.0/lib/ruby/gems/2.6.0/gems/activerecord-5.2.3/lib/active_record/log_subscriber.rb:98
  [1m[35m (0.1ms)[0m  [1m[35mBEGIN[0m
  ↳ /home/spectre/.rbenv/versions/2.6.0/lib/ruby/gems/2.6.0/gems/activerecord-5.2.3/lib/active_record/log_subscriber.rb:98
  [1m[36mUser Load (0.2ms)[0m  [1m[37mSELECT  `users`.* FROM `users` WHERE `users`.`id` = 1 LIMIT 1 FOR UPDATE[0m
  ↳ /home/spectre/.rbenv/versions/2.6.0/lib/ruby/gems/2.6.0/gems/activerecord-5.2.3/lib/active_record/log_subscriber.rb:98
  [1m[36mUser Update (0.3ms)[0m  [1m[33mUPDATE `users` SET `tokens` = '{\"5oIbU6cG0_HTs0JfPKNBuQ\":{\"token\":\"$2a$10$vENoQmXtIQctH0CjAdCo0ON3xhcZjt/uOj8bOdGBVIafDFsEYZ2Li\",\"expiry\":1560414311,\"last_token\":\"$2a$10$RycD9VqxjlWGgDM5VsyBP.ANURdtxjwem4IiSEeNUyBZ0rRED9YVq\",\"updated_at\":\"2019-05-30T08:25:11.683Z\"}}', `updated_at` = '2019-05-30 08:25:11' WHERE `users`.`id` = 1[0m
  ↳ /home/spectre/.rbenv/versions/2.6.0/lib/ruby/gems/2.6.0/gems/activerecord-5.2.3/lib/active_record/log_subscriber.rb:98
  [1m[35m (54.1ms)[0m  [1m[35mCOMMIT[0m
  ↳ /home/spectre/.rbenv/versions/2.6.0/lib/ruby/gems/2.6.0/gems/activerecord-5.2.3/lib/active_record/log_subscriber.rb:98
Completed 200 OK in 183ms (Views: 2.2ms | ActiveRecord: 55.9ms)


Started GET "/super_heros" for ::1 at 2019-05-30 15:30:21 +0700
Processing by SuperHerosController#index as */*
  Parameters: {"super_hero"=>{}}
  [1m[36mUser Load (0.4ms)[0m  [1m[34mSELECT  `users`.* FROM `users` WHERE `users`.`uid` = 'token-base-auth@example.com' LIMIT 1[0m
  ↳ /home/spectre/.rbenv/versions/2.6.0/lib/ruby/gems/2.6.0/gems/activerecord-5.2.3/lib/active_record/log_subscriber.rb:98
  [1m[36mCACHE User Load (0.0ms)[0m  [1m[34mSELECT  `users`.* FROM `users` WHERE `users`.`uid` = 'token-base-auth@example.com' LIMIT 1[0m  [["uid", "token-base-auth@example.com"], ["LIMIT", 1]]
  ↳ /home/spectre/.rbenv/versions/2.6.0/lib/ruby/gems/2.6.0/gems/activerecord-5.2.3/lib/active_record/log_subscriber.rb:98
[active_model_serializers] Rendered ActiveModel::Serializer::Null with Hash (0.07ms)
Filter chain halted as :authenticate_user! rendered or redirected
Completed 401 Unauthorized in 3ms (Views: 1.6ms | ActiveRecord: 0.4ms)


  [1m[35m (46.8ms)[0m  [1m[35mSET NAMES utf8,  @@SESSION.sql_mode = CONCAT(CONCAT(@@sql_mode, ',STRICT_ALL_TABLES'), ',NO_AUTO_VALUE_ON_ZERO'),  @@SESSION.sql_auto_is_null = 0, @@SESSION.wait_timeout = 2147483[0m
  ↳ app/models/user.rb:10
  [1m[35m (0.3ms)[0m  [1m[35mSET NAMES utf8,  @@SESSION.sql_mode = CONCAT(CONCAT(@@sql_mode, ',STRICT_ALL_TABLES'), ',NO_AUTO_VALUE_ON_ZERO'),  @@SESSION.sql_auto_is_null = 0, @@SESSION.wait_timeout = 2147483[0m
  ↳ app/models/user.rb:10
  [1m[35m (0.7ms)[0m  [1m[35mSET NAMES utf8,  @@SESSION.sql_mode = CONCAT(CONCAT(@@sql_mode, ',STRICT_ALL_TABLES'), ',NO_AUTO_VALUE_ON_ZERO'),  @@SESSION.sql_auto_is_null = 0, @@SESSION.wait_timeout = 2147483[0m
  [1m[36mUser Load (0.7ms)[0m  [1m[34mSELECT  `users`.* FROM `users` ORDER BY `users`.`id` ASC LIMIT 1[0m
Started POST "/authen" for ::1 at 2019-06-04 11:33:37 +0700
  [1m[35m (0.6ms)[0m  [1m[35mSET NAMES utf8,  @@SESSION.sql_mode = CONCAT(CONCAT(@@sql_mode, ',STRICT_ALL_TABLES'), ',NO_AUTO_VALUE_ON_ZERO'),  @@SESSION.sql_auto_is_null = 0, @@SESSION.wait_timeout = 2147483[0m
  ↳ /home/spectre/.rbenv/versions/2.6.0/lib/ruby/gems/2.6.0/gems/activerecord-5.2.3/lib/active_record/log_subscriber.rb:98
  [1m[35m (0.6ms)[0m  [1m[34mSELECT `schema_migrations`.`version` FROM `schema_migrations` ORDER BY `schema_migrations`.`version` ASC[0m
  ↳ /home/spectre/.rbenv/versions/2.6.0/lib/ruby/gems/2.6.0/gems/activerecord-5.2.3/lib/active_record/log_subscriber.rb:98
Processing by DeviseTokenAuth::RegistrationsController#create as */*
  Parameters: {"email"=>"token-base-auth@example.com", "password"=>"[FILTERED]", "registration"=>{"email"=>"token-base-auth@example.com", "password"=>"[FILTERED]"}}
Unpermitted parameter: :registration
Unpermitted parameter: :registration
Unpermitted parameter: :registration
  [1m[35m (0.2ms)[0m  [1m[35mBEGIN[0m
  ↳ /home/spectre/.rbenv/versions/2.6.0/lib/ruby/gems/2.6.0/gems/activerecord-5.2.3/lib/active_record/log_subscriber.rb:98
  [1m[36mUser Exists (15.4ms)[0m  [1m[34mSELECT  1 AS one FROM `users` WHERE `users`.`email` = BINARY 'token-base-auth@example.com' AND `users`.`provider` = 'email' LIMIT 1[0m
  ↳ /home/spectre/.rbenv/versions/2.6.0/lib/ruby/gems/2.6.0/gems/activerecord-5.2.3/lib/active_record/log_subscriber.rb:98
  [1m[35m (0.2ms)[0m  [1m[31mROLLBACK[0m
  ↳ /home/spectre/.rbenv/versions/2.6.0/lib/ruby/gems/2.6.0/gems/activerecord-5.2.3/lib/active_record/log_subscriber.rb:98
[active_model_serializers] Rendered ActiveModel::Serializer::Null with Hash (1.13ms)
Completed 422 Unprocessable Entity in 308ms (Views: 37.9ms | ActiveRecord: 18.6ms)


Started POST "/authen/sign_in" for ::1 at 2019-06-04 11:34:51 +0700
Processing by DeviseTokenAuth::SessionsController#create as */*
  Parameters: {"email"=>"token-base-auth@example.com", "password"=>"[FILTERED]", "session"=>{"email"=>"token-base-auth@example.com", "password"=>"[FILTERED]"}}
Unpermitted parameter: :session
Unpermitted parameter: :session
  [1m[36mUser Load (0.8ms)[0m  [1m[34mSELECT  `users`.* FROM `users` WHERE (BINARY email = 'token-base-auth@example.com' AND provider= 'email') ORDER BY `users`.`id` ASC LIMIT 1[0m
  ↳ /home/spectre/.rbenv/versions/2.6.0/lib/ruby/gems/2.6.0/gems/activerecord-5.2.3/lib/active_record/log_subscriber.rb:98
Unpermitted parameter: :session
Unpermitted parameter: :session
  [1m[35m (0.2ms)[0m  [1m[35mBEGIN[0m
  ↳ /home/spectre/.rbenv/versions/2.6.0/lib/ruby/gems/2.6.0/gems/activerecord-5.2.3/lib/active_record/log_subscriber.rb:98
  [1m[36mUser Update (19.7ms)[0m  [1m[33mUPDATE `users` SET `tokens` = '{\"5oIbU6cG0_HTs0JfPKNBuQ\":{\"token\":\"$2a$10$vENoQmXtIQctH0CjAdCo0ON3xhcZjt/uOj8bOdGBVIafDFsEYZ2Li\",\"expiry\":1560414311,\"last_token\":\"$2a$10$RycD9VqxjlWGgDM5VsyBP.ANURdtxjwem4IiSEeNUyBZ0rRED9YVq\",\"updated_at\":\"2019-05-30T08:25:11.683Z\"},\"6YGj0R1sPJ8YdoVfuq63Jg\":{\"token\":\"$2a$10$OBhGDOSLu4pgLtRv/I9y5ucyYN9uNelfTPJxG4tdRY5o0Lb3ln1ni\",\"expiry\":1560832491}}', `updated_at` = '2019-06-04 04:34:51' WHERE `users`.`id` = 1[0m
  ↳ /home/spectre/.rbenv/versions/2.6.0/lib/ruby/gems/2.6.0/gems/activerecord-5.2.3/lib/active_record/log_subscriber.rb:98
  [1m[35m (45.5ms)[0m  [1m[35mCOMMIT[0m
  ↳ /home/spectre/.rbenv/versions/2.6.0/lib/ruby/gems/2.6.0/gems/activerecord-5.2.3/lib/active_record/log_subscriber.rb:98
  [1m[35m (0.4ms)[0m  [1m[35mBEGIN[0m
  ↳ /home/spectre/.rbenv/versions/2.6.0/lib/ruby/gems/2.6.0/gems/activerecord-5.2.3/lib/active_record/log_subscriber.rb:98
  [1m[36mUser Update (0.7ms)[0m  [1m[33mUPDATE `users` SET `sign_in_count` = 2, `current_sign_in_at` = '2019-06-04 04:34:51' WHERE `users`.`id` = 1[0m
  ↳ /home/spectre/.rbenv/versions/2.6.0/lib/ruby/gems/2.6.0/gems/activerecord-5.2.3/lib/active_record/log_subscriber.rb:98
  [1m[35m (38.0ms)[0m  [1m[35mCOMMIT[0m
  ↳ /home/spectre/.rbenv/versions/2.6.0/lib/ruby/gems/2.6.0/gems/activerecord-5.2.3/lib/active_record/log_subscriber.rb:98
[active_model_serializers] Rendered ActiveModel::Serializer::Null with Hash (3.15ms)
  [1m[36mUser Load (0.8ms)[0m  [1m[34mSELECT  `users`.* FROM `users` WHERE `users`.`id` = 1 LIMIT 1[0m
  ↳ /home/spectre/.rbenv/versions/2.6.0/lib/ruby/gems/2.6.0/gems/activerecord-5.2.3/lib/active_record/log_subscriber.rb:98
  [1m[35m (0.2ms)[0m  [1m[35mBEGIN[0m
  ↳ /home/spectre/.rbenv/versions/2.6.0/lib/ruby/gems/2.6.0/gems/activerecord-5.2.3/lib/active_record/log_subscriber.rb:98
  [1m[36mUser Load (0.4ms)[0m  [1m[37mSELECT  `users`.* FROM `users` WHERE `users`.`id` = 1 LIMIT 1 FOR UPDATE[0m
  ↳ /home/spectre/.rbenv/versions/2.6.0/lib/ruby/gems/2.6.0/gems/activerecord-5.2.3/lib/active_record/log_subscriber.rb:98
  [1m[36mUser Update (0.3ms)[0m  [1m[33mUPDATE `users` SET `tokens` = '{\"5oIbU6cG0_HTs0JfPKNBuQ\":{\"token\":\"$2a$10$vENoQmXtIQctH0CjAdCo0ON3xhcZjt/uOj8bOdGBVIafDFsEYZ2Li\",\"expiry\":1560414311,\"last_token\":\"$2a$10$RycD9VqxjlWGgDM5VsyBP.ANURdtxjwem4IiSEeNUyBZ0rRED9YVq\",\"updated_at\":\"2019-05-30T08:25:11.683Z\"},\"6YGj0R1sPJ8YdoVfuq63Jg\":{\"token\":\"$2a$10$ZmfjxjL6ego0Em7ZlS2uEOp18YbySioM.RlNbAueHUtoGKawPBv8W\",\"expiry\":1560832491,\"last_token\":\"$2a$10$OBhGDOSLu4pgLtRv/I9y5ucyYN9uNelfTPJxG4tdRY5o0Lb3ln1ni\",\"updated_at\":\"2019-06-04T04:34:51.513Z\"}}' WHERE `users`.`id` = 1[0m
  ↳ /home/spectre/.rbenv/versions/2.6.0/lib/ruby/gems/2.6.0/gems/activerecord-5.2.3/lib/active_record/log_subscriber.rb:98
  [1m[35m (28.8ms)[0m  [1m[35mCOMMIT[0m
  ↳ /home/spectre/.rbenv/versions/2.6.0/lib/ruby/gems/2.6.0/gems/activerecord-5.2.3/lib/active_record/log_subscriber.rb:98
Completed 200 OK in 458ms (Views: 4.2ms | ActiveRecord: 135.8ms)


Started DELETE "/authen/sign_out" for ::1 at 2019-06-04 11:54:38 +0700
  [1m[35m (0.2ms)[0m  [1m[35mSET NAMES utf8,  @@SESSION.sql_mode = CONCAT(CONCAT(@@sql_mode, ',STRICT_ALL_TABLES'), ',NO_AUTO_VALUE_ON_ZERO'),  @@SESSION.sql_auto_is_null = 0, @@SESSION.wait_timeout = 2147483[0m
  ↳ /home/spectre/.rbenv/versions/2.6.0/lib/ruby/gems/2.6.0/gems/activerecord-5.2.3/lib/active_record/log_subscriber.rb:98
Processing by DeviseTokenAuth::SessionsController#destroy as */*
  Parameters: {"session"=>{}}
  [1m[36mUser Load (0.4ms)[0m  [1m[34mSELECT  `users`.* FROM `users` WHERE `users`.`uid` = 'token-base-auth@example.com' LIMIT 1[0m
  ↳ /home/spectre/.rbenv/versions/2.6.0/lib/ruby/gems/2.6.0/gems/activerecord-5.2.3/lib/active_record/log_subscriber.rb:98
  [1m[35m (0.1ms)[0m  [1m[35mBEGIN[0m
  ↳ /home/spectre/.rbenv/versions/2.6.0/lib/ruby/gems/2.6.0/gems/activerecord-5.2.3/lib/active_record/log_subscriber.rb:98
  [1m[36mUser Update (0.2ms)[0m  [1m[33mUPDATE `users` SET `tokens` = '{\"5oIbU6cG0_HTs0JfPKNBuQ\":{\"token\":\"$2a$10$vENoQmXtIQctH0CjAdCo0ON3xhcZjt/uOj8bOdGBVIafDFsEYZ2Li\",\"expiry\":1560414311,\"last_token\":\"$2a$10$RycD9VqxjlWGgDM5VsyBP.ANURdtxjwem4IiSEeNUyBZ0rRED9YVq\",\"updated_at\":\"2019-05-30T08:25:11.683Z\"}}', `updated_at` = '2019-06-04 04:54:38' WHERE `users`.`id` = 1[0m
  ↳ /home/spectre/.rbenv/versions/2.6.0/lib/ruby/gems/2.6.0/gems/activerecord-5.2.3/lib/active_record/log_subscriber.rb:98
  [1m[35m (50.1ms)[0m  [1m[35mCOMMIT[0m
  ↳ /home/spectre/.rbenv/versions/2.6.0/lib/ruby/gems/2.6.0/gems/activerecord-5.2.3/lib/active_record/log_subscriber.rb:98
  [1m[36mUser Load (0.4ms)[0m  [1m[34mSELECT  `users`.* FROM `users` WHERE `users`.`uid` = 'token-base-auth@example.com' LIMIT 1[0m
  ↳ /home/spectre/.rbenv/versions/2.6.0/lib/ruby/gems/2.6.0/gems/activerecord-5.2.3/lib/active_record/log_subscriber.rb:98
[active_model_serializers] Rendered ActiveModel::Serializer::Null with Hash (0.05ms)
Completed 200 OK in 158ms (Views: 1.2ms | ActiveRecord: 51.3ms)


Started GET "/" for ::1 at 2019-06-04 15:21:39 +0700
  [1m[35m (82.4ms)[0m  [1m[35mSET NAMES utf8,  @@SESSION.sql_mode = CONCAT(CONCAT(@@sql_mode, ',STRICT_ALL_TABLES'), ',NO_AUTO_VALUE_ON_ZERO'),  @@SESSION.sql_auto_is_null = 0, @@SESSION.wait_timeout = 2147483[0m
  ↳ /home/spectre/.rbenv/versions/2.6.0/lib/ruby/gems/2.6.0/gems/activerecord-5.2.3/lib/active_record/log_subscriber.rb:98
Processing by Rails::WelcomeController#index as HTML
  Rendering /home/spectre/.rbenv/versions/2.6.0/lib/ruby/gems/2.6.0/gems/railties-5.2.3/lib/rails/templates/rails/welcome/index.html.erb
  Rendered /home/spectre/.rbenv/versions/2.6.0/lib/ruby/gems/2.6.0/gems/railties-5.2.3/lib/rails/templates/rails/welcome/index.html.erb (51.4ms)
Completed 200 OK in 198ms (Views: 146.4ms | ActiveRecord: 0.0ms)


Started GET "/favicon.ico" for ::1 at 2019-06-04 15:21:43 +0700
  
ActionController::RoutingError (No route matches [GET] "/favicon.ico"):
  
actionpack (5.2.3) lib/action_dispatch/middleware/debug_exceptions.rb:65:in `call'
actionpack (5.2.3) lib/action_dispatch/middleware/show_exceptions.rb:33:in `call'
railties (5.2.3) lib/rails/rack/logger.rb:38:in `call_app'
railties (5.2.3) lib/rails/rack/logger.rb:26:in `block in call'
activesupport (5.2.3) lib/active_support/tagged_logging.rb:71:in `block in tagged'
activesupport (5.2.3) lib/active_support/tagged_logging.rb:28:in `tagged'
activesupport (5.2.3) lib/active_support/tagged_logging.rb:71:in `tagged'
railties (5.2.3) lib/rails/rack/logger.rb:26:in `call'
actionpack (5.2.3) lib/action_dispatch/middleware/remote_ip.rb:81:in `call'
actionpack (5.2.3) lib/action_dispatch/middleware/request_id.rb:27:in `call'
rack (2.0.7) lib/rack/runtime.rb:22:in `call'
activesupport (5.2.3) lib/active_support/cache/strategy/local_cache_middleware.rb:29:in `call'
actionpack (5.2.3) lib/action_dispatch/middleware/executor.rb:14:in `call'
actionpack (5.2.3) lib/action_dispatch/middleware/static.rb:127:in `call'
rack (2.0.7) lib/rack/sendfile.rb:111:in `call'
rack-cors (1.0.3) lib/rack/cors.rb:95:in `call'
railties (5.2.3) lib/rails/engine.rb:524:in `call'
puma (3.12.1) lib/puma/configuration.rb:227:in `call'
puma (3.12.1) lib/puma/server.rb:660:in `handle_request'
puma (3.12.1) lib/puma/server.rb:474:in `process_client'
puma (3.12.1) lib/puma/server.rb:334:in `block in run'
puma (3.12.1) lib/puma/thread_pool.rb:135:in `block in spawn_thread'
Started GET "/" for ::1 at 2019-06-04 15:22:00 +0700
Processing by Rails::WelcomeController#index as HTML
  Rendering /home/spectre/.rbenv/versions/2.6.0/lib/ruby/gems/2.6.0/gems/railties-5.2.3/lib/rails/templates/rails/welcome/index.html.erb
  Rendered /home/spectre/.rbenv/versions/2.6.0/lib/ruby/gems/2.6.0/gems/railties-5.2.3/lib/rails/templates/rails/welcome/index.html.erb (5.8ms)
Completed 200 OK in 9ms (Views: 7.7ms | ActiveRecord: 0.0ms)


Started GET "/" for ::1 at 2019-06-04 15:22:01 +0700
Processing by Rails::WelcomeController#index as HTML
  Rendering /home/spectre/.rbenv/versions/2.6.0/lib/ruby/gems/2.6.0/gems/railties-5.2.3/lib/rails/templates/rails/welcome/index.html.erb
  Rendered /home/spectre/.rbenv/versions/2.6.0/lib/ruby/gems/2.6.0/gems/railties-5.2.3/lib/rails/templates/rails/welcome/index.html.erb (1.5ms)
Completed 200 OK in 4ms (Views: 2.6ms | ActiveRecord: 0.0ms)


Started GET "/" for ::1 at 2019-06-04 15:22:01 +0700
Processing by Rails::WelcomeController#index as HTML
  Rendering /home/spectre/.rbenv/versions/2.6.0/lib/ruby/gems/2.6.0/gems/railties-5.2.3/lib/rails/templates/rails/welcome/index.html.erb
  Rendered /home/spectre/.rbenv/versions/2.6.0/lib/ruby/gems/2.6.0/gems/railties-5.2.3/lib/rails/templates/rails/welcome/index.html.erb (3.1ms)
Completed 200 OK in 5ms (Views: 4.4ms | ActiveRecord: 0.0ms)


  [1m[35m (106.4ms)[0m  [1m[35mSET NAMES utf8,  @@SESSION.sql_mode = CONCAT(CONCAT(@@sql_mode, ',STRICT_ALL_TABLES'), ',NO_AUTO_VALUE_ON_ZERO'),  @@SESSION.sql_auto_is_null = 0, @@SESSION.wait_timeout = 2147483[0m
  ↳ app/models/user.rb:10
  [1m[35m (0.3ms)[0m  [1m[35mSET NAMES utf8,  @@SESSION.sql_mode = CONCAT(CONCAT(@@sql_mode, ',STRICT_ALL_TABLES'), ',NO_AUTO_VALUE_ON_ZERO'),  @@SESSION.sql_auto_is_null = 0, @@SESSION.wait_timeout = 2147483[0m
  ↳ app/models/user.rb:10
  [1m[35m (17.6ms)[0m  [1m[35mSET NAMES utf8,  @@SESSION.sql_mode = CONCAT(CONCAT(@@sql_mode, ',STRICT_ALL_TABLES'), ',NO_AUTO_VALUE_ON_ZERO'),  @@SESSION.sql_auto_is_null = 0, @@SESSION.wait_timeout = 2147483[0m
  ↳ app/models/user.rb:10
