  [1m[35m (17.4ms)[0m  [1m[35mSET NAMES utf8,  @@SESSION.sql_mode = CONCAT(CONCAT(@@sql_mode, ',STRICT_ALL_TABLES'), ',NO_AUTO_VALUE_ON_ZERO'),  @@SESSION.sql_auto_is_null = 0, @@SESSION.wait_timeout = 2147483[0m
  ↳ bin/rails:9
  [1m[35m (2.0ms)[0m  [1m[35mCREATE DATABASE `api-endpoint_development` DEFAULT CHARACTER SET `utf8`[0m
  ↳ bin/rails:9
  [1m[35m (0.4ms)[0m  [1m[35mSET NAMES utf8,  @@SESSION.sql_mode = CONCAT(CONCAT(@@sql_mode, ',STRICT_ALL_TABLES'), ',NO_AUTO_VALUE_ON_ZERO'),  @@SESSION.sql_auto_is_null = 0, @@SESSION.wait_timeout = 2147483[0m
  ↳ bin/rails:9
  [1m[35m (0.3ms)[0m  [1m[35mCREATE DATABASE `api-endpoint_test` DEFAULT CHARACTER SET `utf8`[0m
  ↳ bin/rails:9
  [1m[35m (0.5ms)[0m  [1m[35mSET NAMES utf8,  @@SESSION.sql_mode = CONCAT(CONCAT(@@sql_mode, ',STRICT_ALL_TABLES'), ',NO_AUTO_VALUE_ON_ZERO'),  @@SESSION.sql_auto_is_null = 0, @@SESSION.wait_timeout = 2147483[0m
  ↳ bin/rails:9
  [1m[35m (86.1ms)[0m  [1m[35mCREATE TABLE `schema_migrations` (`version` varchar(255) NOT NULL PRIMARY KEY)[0m
  ↳ bin/rails:9
  [1m[35m (58.6ms)[0m  [1m[35mCREATE TABLE `ar_internal_metadata` (`key` varchar(255) NOT NULL PRIMARY KEY, `value` varchar(255), `created_at` datetime NOT NULL, `updated_at` datetime NOT NULL)[0m
  ↳ bin/rails:9
  [1m[35m (5.9ms)[0m  [1m[34mSELECT GET_LOCK('272682450397611555', 0)[0m
  ↳ bin/rails:9
  [1m[35m (0.7ms)[0m  [1m[34mSELECT `schema_migrations`.`version` FROM `schema_migrations` ORDER BY `schema_migrations`.`version` ASC[0m
  ↳ bin/rails:9
Migrating to CreateHeros (20190421104311)
  [1m[35m (55.0ms)[0m  [1m[35mCREATE TABLE `heros` (`id` bigint NOT NULL AUTO_INCREMENT PRIMARY KEY, `name` varchar(255), `created_at` datetime NOT NULL, `updated_at` datetime NOT NULL)[0m
  ↳ db/migrate/20190421104311_create_heros.rb:3
  [1m[35m (0.6ms)[0m  [1m[35mBEGIN[0m
  ↳ bin/rails:9
  [1m[36mActiveRecord::SchemaMigration Create (2.0ms)[0m  [1m[32mINSERT INTO `schema_migrations` (`version`) VALUES ('20190421104311')[0m
  ↳ bin/rails:9
  [1m[35m (2.8ms)[0m  [1m[35mCOMMIT[0m
  ↳ bin/rails:9
  [1m[36mActiveRecord::InternalMetadata Load (2.5ms)[0m  [1m[34mSELECT  `ar_internal_metadata`.* FROM `ar_internal_metadata` WHERE `ar_internal_metadata`.`key` = 'environment' LIMIT 1[0m
  ↳ bin/rails:9
  [1m[35m (0.3ms)[0m  [1m[35mBEGIN[0m
  ↳ bin/rails:9
  [1m[36mActiveRecord::InternalMetadata Create (0.4ms)[0m  [1m[32mINSERT INTO `ar_internal_metadata` (`key`, `value`, `created_at`, `updated_at`) VALUES ('environment', 'development', '2019-04-21 10:45:57', '2019-04-21 10:45:57')[0m
  ↳ bin/rails:9
  [1m[35m (2.9ms)[0m  [1m[35mCOMMIT[0m
  ↳ bin/rails:9
  [1m[35m (0.4ms)[0m  [1m[34mSELECT RELEASE_LOCK('272682450397611555')[0m
  ↳ bin/rails:9
  [1m[35m (0.4ms)[0m  [1m[34mSELECT `schema_migrations`.`version` FROM `schema_migrations` ORDER BY `schema_migrations`.`version` ASC[0m
  ↳ bin/rails:9
Started GET "/" for ::1 at 2019-04-21 17:46:13 +0700
  [1m[35m (0.4ms)[0m  [1m[35mSET NAMES utf8,  @@SESSION.sql_mode = CONCAT(CONCAT(@@sql_mode, ',STRICT_ALL_TABLES'), ',NO_AUTO_VALUE_ON_ZERO'),  @@SESSION.sql_auto_is_null = 0, @@SESSION.wait_timeout = 2147483[0m
  ↳ /home/c-nguyen/.rbenv/versions/2.6.2/lib/ruby/gems/2.6.0/gems/activerecord-5.2.3/lib/active_record/log_subscriber.rb:98
  [1m[35m (0.5ms)[0m  [1m[34mSELECT `schema_migrations`.`version` FROM `schema_migrations` ORDER BY `schema_migrations`.`version` ASC[0m
  ↳ /home/c-nguyen/.rbenv/versions/2.6.2/lib/ruby/gems/2.6.0/gems/activerecord-5.2.3/lib/active_record/log_subscriber.rb:98
Processing by Rails::WelcomeController#index as HTML
  Rendering /home/c-nguyen/.rbenv/versions/2.6.2/lib/ruby/gems/2.6.0/gems/railties-5.2.3/lib/rails/templates/rails/welcome/index.html.erb
  Rendered /home/c-nguyen/.rbenv/versions/2.6.2/lib/ruby/gems/2.6.0/gems/railties-5.2.3/lib/rails/templates/rails/welcome/index.html.erb (6.2ms)
Completed 200 OK in 24ms (Views: 21.9ms | ActiveRecord: 0.0ms)


Started GET "/favicon.ico" for ::1 at 2019-04-21 17:46:13 +0700
  
ActionController::RoutingError (No route matches [GET] "/favicon.ico"):
  
actionpack (5.2.3) lib/action_dispatch/middleware/debug_exceptions.rb:65:in `call'
actionpack (5.2.3) lib/action_dispatch/middleware/show_exceptions.rb:33:in `call'
railties (5.2.3) lib/rails/rack/logger.rb:38:in `call_app'
railties (5.2.3) lib/rails/rack/logger.rb:26:in `block in call'
activesupport (5.2.3) lib/active_support/tagged_logging.rb:71:in `block in tagged'
activesupport (5.2.3) lib/active_support/tagged_logging.rb:28:in `tagged'
activesupport (5.2.3) lib/active_support/tagged_logging.rb:71:in `tagged'
railties (5.2.3) lib/rails/rack/logger.rb:26:in `call'
actionpack (5.2.3) lib/action_dispatch/middleware/remote_ip.rb:81:in `call'
actionpack (5.2.3) lib/action_dispatch/middleware/request_id.rb:27:in `call'
rack (2.0.7) lib/rack/runtime.rb:22:in `call'
activesupport (5.2.3) lib/active_support/cache/strategy/local_cache_middleware.rb:29:in `call'
actionpack (5.2.3) lib/action_dispatch/middleware/executor.rb:14:in `call'
actionpack (5.2.3) lib/action_dispatch/middleware/static.rb:127:in `call'
rack (2.0.7) lib/rack/sendfile.rb:111:in `call'
railties (5.2.3) lib/rails/engine.rb:524:in `call'
puma (3.12.1) lib/puma/configuration.rb:227:in `call'
puma (3.12.1) lib/puma/server.rb:660:in `handle_request'
puma (3.12.1) lib/puma/server.rb:474:in `process_client'
puma (3.12.1) lib/puma/server.rb:334:in `block in run'
puma (3.12.1) lib/puma/thread_pool.rb:135:in `block in spawn_thread'
Started GET "/heroes" for ::1 at 2019-04-21 17:46:17 +0700
  
ActionController::RoutingError (No route matches [GET] "/heroes"):
  
actionpack (5.2.3) lib/action_dispatch/middleware/debug_exceptions.rb:65:in `call'
actionpack (5.2.3) lib/action_dispatch/middleware/show_exceptions.rb:33:in `call'
railties (5.2.3) lib/rails/rack/logger.rb:38:in `call_app'
railties (5.2.3) lib/rails/rack/logger.rb:26:in `block in call'
activesupport (5.2.3) lib/active_support/tagged_logging.rb:71:in `block in tagged'
activesupport (5.2.3) lib/active_support/tagged_logging.rb:28:in `tagged'
activesupport (5.2.3) lib/active_support/tagged_logging.rb:71:in `tagged'
railties (5.2.3) lib/rails/rack/logger.rb:26:in `call'
actionpack (5.2.3) lib/action_dispatch/middleware/remote_ip.rb:81:in `call'
actionpack (5.2.3) lib/action_dispatch/middleware/request_id.rb:27:in `call'
rack (2.0.7) lib/rack/runtime.rb:22:in `call'
activesupport (5.2.3) lib/active_support/cache/strategy/local_cache_middleware.rb:29:in `call'
actionpack (5.2.3) lib/action_dispatch/middleware/executor.rb:14:in `call'
actionpack (5.2.3) lib/action_dispatch/middleware/static.rb:127:in `call'
rack (2.0.7) lib/rack/sendfile.rb:111:in `call'
railties (5.2.3) lib/rails/engine.rb:524:in `call'
puma (3.12.1) lib/puma/configuration.rb:227:in `call'
puma (3.12.1) lib/puma/server.rb:660:in `handle_request'
puma (3.12.1) lib/puma/server.rb:474:in `process_client'
puma (3.12.1) lib/puma/server.rb:334:in `block in run'
puma (3.12.1) lib/puma/thread_pool.rb:135:in `block in spawn_thread'
Started GET "/heros" for ::1 at 2019-04-21 17:46:51 +0700
Processing by HerosController#index as HTML
  [1m[36mHero Load (5.0ms)[0m  [1m[34mSELECT `heros`.* FROM `heros`[0m
  ↳ app/controllers/heros_controller.rb:7
Completed 200 OK in 13ms (Views: 1.7ms | ActiveRecord: 5.8ms)


Started GET "/heros" for ::1 at 2019-04-21 17:50:59 +0700
Processing by HerosController#index as HTML
  [1m[36mHero Load (0.4ms)[0m  [1m[34mSELECT `heros`.* FROM `heros`[0m
  ↳ app/controllers/heros_controller.rb:7
Completed 200 OK in 2ms (Views: 1.2ms | ActiveRecord: 0.4ms)


Started GET "/heros" for ::1 at 2019-04-21 17:51:00 +0700
Processing by HerosController#index as HTML
  [1m[36mHero Load (0.4ms)[0m  [1m[34mSELECT `heros`.* FROM `heros`[0m
  ↳ app/controllers/heros_controller.rb:7
Completed 200 OK in 2ms (Views: 0.9ms | ActiveRecord: 0.4ms)


Started GET "/heros" for ::1 at 2019-04-21 17:51:00 +0700
Processing by HerosController#index as HTML
  [1m[36mHero Load (0.5ms)[0m  [1m[34mSELECT `heros`.* FROM `heros`[0m
  ↳ app/controllers/heros_controller.rb:7
Completed 200 OK in 2ms (Views: 1.1ms | ActiveRecord: 0.5ms)


Started GET "/heros" for ::1 at 2019-04-21 17:51:00 +0700
Processing by HerosController#index as HTML
  [1m[36mHero Load (0.3ms)[0m  [1m[34mSELECT `heros`.* FROM `heros`[0m
  ↳ app/controllers/heros_controller.rb:7
Completed 200 OK in 1ms (Views: 0.8ms | ActiveRecord: 0.3ms)


Started GET "/heros" for ::1 at 2019-04-21 17:51:00 +0700
Processing by HerosController#index as HTML
  [1m[36mHero Load (0.5ms)[0m  [1m[34mSELECT `heros`.* FROM `heros`[0m
  ↳ app/controllers/heros_controller.rb:7
Completed 200 OK in 2ms (Views: 1.5ms | ActiveRecord: 0.5ms)


Started GET "/heros" for ::1 at 2019-04-21 17:51:01 +0700
Processing by HerosController#index as HTML
  [1m[36mHero Load (0.4ms)[0m  [1m[34mSELECT `heros`.* FROM `heros`[0m
  ↳ app/controllers/heros_controller.rb:7
Completed 200 OK in 2ms (Views: 1.1ms | ActiveRecord: 0.4ms)


Started GET "/heros" for ::1 at 2019-04-21 17:51:01 +0700
Processing by HerosController#index as HTML
  [1m[36mHero Load (0.4ms)[0m  [1m[34mSELECT `heros`.* FROM `heros`[0m
  ↳ app/controllers/heros_controller.rb:7
Completed 200 OK in 2ms (Views: 1.2ms | ActiveRecord: 0.4ms)


Started GET "/heros" for ::1 at 2019-04-21 17:51:01 +0700
Processing by HerosController#index as HTML
  [1m[36mHero Load (0.5ms)[0m  [1m[34mSELECT `heros`.* FROM `heros`[0m
  ↳ app/controllers/heros_controller.rb:7
Completed 200 OK in 2ms (Views: 1.5ms | ActiveRecord: 0.5ms)


Started GET "/heros" for ::1 at 2019-04-21 17:51:01 +0700
Processing by HerosController#index as HTML
  [1m[36mHero Load (0.4ms)[0m  [1m[34mSELECT `heros`.* FROM `heros`[0m
  ↳ app/controllers/heros_controller.rb:7
Completed 200 OK in 2ms (Views: 0.9ms | ActiveRecord: 0.4ms)


Started GET "/heros" for ::1 at 2019-04-21 17:51:01 +0700
Processing by HerosController#index as HTML
  [1m[36mHero Load (0.4ms)[0m  [1m[34mSELECT `heros`.* FROM `heros`[0m
  ↳ app/controllers/heros_controller.rb:7
Completed 200 OK in 1ms (Views: 0.8ms | ActiveRecord: 0.4ms)


Started GET "/heros" for ::1 at 2019-04-21 17:51:01 +0700
Processing by HerosController#index as HTML
  [1m[36mHero Load (0.4ms)[0m  [1m[34mSELECT `heros`.* FROM `heros`[0m
  ↳ app/controllers/heros_controller.rb:7
Completed 200 OK in 2ms (Views: 0.9ms | ActiveRecord: 0.4ms)


Started GET "/heros" for ::1 at 2019-04-21 17:51:02 +0700
Processing by HerosController#index as HTML
  [1m[36mHero Load (0.5ms)[0m  [1m[34mSELECT `heros`.* FROM `heros`[0m
  ↳ app/controllers/heros_controller.rb:7
Completed 200 OK in 2ms (Views: 1.2ms | ActiveRecord: 0.5ms)


Started GET "/heros" for ::1 at 2019-04-21 17:51:02 +0700
Processing by HerosController#index as HTML
  [1m[36mHero Load (0.5ms)[0m  [1m[34mSELECT `heros`.* FROM `heros`[0m
  ↳ app/controllers/heros_controller.rb:7
Completed 200 OK in 2ms (Views: 1.2ms | ActiveRecord: 0.5ms)


Started GET "/heros" for ::1 at 2019-04-21 17:51:02 +0700
Processing by HerosController#index as HTML
  [1m[36mHero Load (0.4ms)[0m  [1m[34mSELECT `heros`.* FROM `heros`[0m
  ↳ app/controllers/heros_controller.rb:7
Completed 200 OK in 2ms (Views: 1.0ms | ActiveRecord: 0.4ms)


Started GET "/heros" for ::1 at 2019-04-21 17:51:02 +0700
Processing by HerosController#index as HTML
  [1m[36mHero Load (0.4ms)[0m  [1m[34mSELECT `heros`.* FROM `heros`[0m
  ↳ app/controllers/heros_controller.rb:7
Completed 200 OK in 2ms (Views: 0.9ms | ActiveRecord: 0.4ms)


  [1m[35m (0.6ms)[0m  [1m[35mSET NAMES utf8,  @@SESSION.sql_mode = CONCAT(CONCAT(@@sql_mode, ',STRICT_ALL_TABLES'), ',NO_AUTO_VALUE_ON_ZERO'),  @@SESSION.sql_auto_is_null = 0, @@SESSION.wait_timeout = 2147483[0m
  [1m[35m (0.3ms)[0m  [1m[35mBEGIN[0m
  [1m[36mHero Create (0.4ms)[0m  [1m[32mINSERT INTO `heros` (`name`, `created_at`, `updated_at`) VALUES ('Iron Man', '2019-04-21 10:52:09', '2019-04-21 10:52:09')[0m
  [1m[35m (2.5ms)[0m  [1m[35mCOMMIT[0m
  [1m[35m (0.5ms)[0m  [1m[35mBEGIN[0m
  [1m[36mHero Create (0.8ms)[0m  [1m[32mINSERT INTO `heros` (`name`, `created_at`, `updated_at`) VALUES ('Captain Marvel', '2019-04-21 10:52:26', '2019-04-21 10:52:26')[0m
  [1m[35m (3.8ms)[0m  [1m[35mCOMMIT[0m
Started GET "/heros" for ::1 at 2019-04-21 17:52:30 +0700
Processing by HerosController#index as HTML
  [1m[36mHero Load (0.5ms)[0m  [1m[34mSELECT `heros`.* FROM `heros`[0m
  ↳ app/controllers/heros_controller.rb:7
Completed 200 OK in 18ms (Views: 16.3ms | ActiveRecord: 1.8ms)


Started GET "/heros" for ::1 at 2019-04-21 17:52:47 +0700
  [1m[35m (0.4ms)[0m  [1m[35mSET NAMES utf8,  @@SESSION.sql_mode = CONCAT(CONCAT(@@sql_mode, ',STRICT_ALL_TABLES'), ',NO_AUTO_VALUE_ON_ZERO'),  @@SESSION.sql_auto_is_null = 0, @@SESSION.wait_timeout = 2147483[0m
  ↳ /home/c-nguyen/.rbenv/versions/2.6.2/lib/ruby/gems/2.6.0/gems/activerecord-5.2.3/lib/active_record/log_subscriber.rb:98
  [1m[35m (0.4ms)[0m  [1m[34mSELECT `schema_migrations`.`version` FROM `schema_migrations` ORDER BY `schema_migrations`.`version` ASC[0m
  ↳ /home/c-nguyen/.rbenv/versions/2.6.2/lib/ruby/gems/2.6.0/gems/activerecord-5.2.3/lib/active_record/log_subscriber.rb:98
Processing by HerosController#index as HTML
  [1m[36mHero Load (2.6ms)[0m  [1m[34mSELECT `heros`.* FROM `heros`[0m
  ↳ app/controllers/heros_controller.rb:7
[active_model_serializers] Rendered ActiveModel::Serializer::CollectionSerializer with ActiveModelSerializers::Adapter::Attributes (0.68ms)
Completed 200 OK in 60ms (Views: 54.3ms | ActiveRecord: 4.1ms)


Started GET "/heros" for ::1 at 2019-04-21 17:52:48 +0700
Processing by HerosController#index as HTML
  [1m[36mHero Load (0.5ms)[0m  [1m[34mSELECT `heros`.* FROM `heros`[0m
  ↳ app/controllers/heros_controller.rb:7
[active_model_serializers] Rendered ActiveModel::Serializer::CollectionSerializer with ActiveModelSerializers::Adapter::Attributes (0.48ms)
Completed 200 OK in 4ms (Views: 2.9ms | ActiveRecord: 0.5ms)


Started GET "/heros" for ::1 at 2019-04-21 17:52:50 +0700
Processing by HerosController#index as HTML
  [1m[36mHero Load (0.5ms)[0m  [1m[34mSELECT `heros`.* FROM `heros`[0m
  ↳ app/controllers/heros_controller.rb:7
[active_model_serializers] Rendered ActiveModel::Serializer::CollectionSerializer with ActiveModelSerializers::Adapter::Attributes (0.29ms)
Completed 200 OK in 3ms (Views: 1.9ms | ActiveRecord: 0.5ms)


Started GET "/heros" for ::1 at 2019-04-21 17:52:50 +0700
Processing by HerosController#index as HTML
  [1m[36mHero Load (0.6ms)[0m  [1m[34mSELECT `heros`.* FROM `heros`[0m
  ↳ app/controllers/heros_controller.rb:7
[active_model_serializers] Rendered ActiveModel::Serializer::CollectionSerializer with ActiveModelSerializers::Adapter::Attributes (0.35ms)
Completed 200 OK in 3ms (Views: 2.4ms | ActiveRecord: 0.6ms)


Started GET "/heros" for ::1 at 2019-04-21 17:52:50 +0700
Processing by HerosController#index as HTML
  [1m[36mHero Load (0.4ms)[0m  [1m[34mSELECT `heros`.* FROM `heros`[0m
  ↳ app/controllers/heros_controller.rb:7
[active_model_serializers] Rendered ActiveModel::Serializer::CollectionSerializer with ActiveModelSerializers::Adapter::Attributes (0.35ms)
Completed 200 OK in 2ms (Views: 1.8ms | ActiveRecord: 0.4ms)


Started GET "/heros" for ::1 at 2019-04-21 17:52:50 +0700
Processing by HerosController#index as HTML
  [1m[36mHero Load (0.5ms)[0m  [1m[34mSELECT `heros`.* FROM `heros`[0m
  ↳ app/controllers/heros_controller.rb:7
[active_model_serializers] Rendered ActiveModel::Serializer::CollectionSerializer with ActiveModelSerializers::Adapter::Attributes (0.25ms)
Completed 200 OK in 2ms (Views: 1.6ms | ActiveRecord: 0.5ms)


Started GET "/heros/1" for ::1 at 2019-04-21 18:38:06 +0700
  [1m[35m (0.9ms)[0m  [1m[35mSET NAMES utf8,  @@SESSION.sql_mode = CONCAT(CONCAT(@@sql_mode, ',STRICT_ALL_TABLES'), ',NO_AUTO_VALUE_ON_ZERO'),  @@SESSION.sql_auto_is_null = 0, @@SESSION.wait_timeout = 2147483[0m
  ↳ /home/c-nguyen/.rbenv/versions/2.6.2/lib/ruby/gems/2.6.0/gems/activerecord-5.2.3/lib/active_record/log_subscriber.rb:98
Processing by HerosController#show as HTML
  Parameters: {"id"=>"1"}
  [1m[36mHero Load (0.6ms)[0m  [1m[34mSELECT  `heros`.* FROM `heros` WHERE `heros`.`id` = 1 LIMIT 1[0m
  ↳ app/controllers/heros_controller.rb:39
[active_model_serializers] Rendered HeroSerializer with ActiveModelSerializers::Adapter::Attributes (0.43ms)
Completed 200 OK in 21ms (Views: 1.3ms | ActiveRecord: 0.6ms)


Started GET "/heros" for ::1 at 2019-04-21 18:41:32 +0700
Processing by HerosController#index as */*
  Parameters: {"hero"=>{}}
  [1m[36mHero Load (0.4ms)[0m  [1m[34mSELECT `heros`.* FROM `heros`[0m
  ↳ app/controllers/heros_controller.rb:7
[active_model_serializers] Rendered ActiveModel::Serializer::CollectionSerializer with ActiveModelSerializers::Adapter::Attributes (0.26ms)
Completed 200 OK in 2ms (Views: 1.5ms | ActiveRecord: 0.4ms)


Started GET "/heros/1" for ::1 at 2019-04-21 18:41:38 +0700
Processing by HerosController#show as */*
  Parameters: {"id"=>"1", "hero"=>{}}
  [1m[36mHero Load (0.4ms)[0m  [1m[34mSELECT  `heros`.* FROM `heros` WHERE `heros`.`id` = 1 LIMIT 1[0m
  ↳ app/controllers/heros_controller.rb:39
[active_model_serializers] Rendered HeroSerializer with ActiveModelSerializers::Adapter::Attributes (0.22ms)
Completed 200 OK in 3ms (Views: 0.9ms | ActiveRecord: 0.4ms)


Started POST "/heros" for ::1 at 2019-04-21 18:42:32 +0700
Processing by HerosController#create as */*
  Parameters: {"name"=>"Ant Man", "hero"=>{"name"=>"Ant Man"}}
  [1m[35m (0.2ms)[0m  [1m[35mBEGIN[0m
  ↳ app/controllers/heros_controller.rb:17
  [1m[36mHero Create (0.5ms)[0m  [1m[32mINSERT INTO `heros` (`name`, `created_at`, `updated_at`) VALUES ('Ant Man', '2019-04-21 11:42:32', '2019-04-21 11:42:32')[0m
  ↳ app/controllers/heros_controller.rb:17
  [1m[35m (2.3ms)[0m  [1m[35mCOMMIT[0m
  ↳ app/controllers/heros_controller.rb:17
[active_model_serializers] Rendered HeroSerializer with ActiveModelSerializers::Adapter::Attributes (0.14ms)
Completed 201 Created in 7ms (Views: 1.1ms | ActiveRecord: 2.9ms)


Started POST "/heros" for ::1 at 2019-04-21 18:43:03 +0700
Processing by HerosController#create as */*
  Parameters: {"name"=>"Super Man", "hero"=>{"name"=>"Super Man"}}
  [1m[35m (0.2ms)[0m  [1m[35mBEGIN[0m
  ↳ app/controllers/heros_controller.rb:17
  [1m[36mHero Create (0.5ms)[0m  [1m[32mINSERT INTO `heros` (`name`, `created_at`, `updated_at`) VALUES ('Super Man', '2019-04-21 11:43:03', '2019-04-21 11:43:03')[0m
  ↳ app/controllers/heros_controller.rb:17
  [1m[35m (9.8ms)[0m  [1m[35mCOMMIT[0m
  ↳ app/controllers/heros_controller.rb:17
[active_model_serializers] Rendered HeroSerializer with ActiveModelSerializers::Adapter::Attributes (0.22ms)
Completed 201 Created in 16ms (Views: 1.6ms | ActiveRecord: 10.5ms)


Started POST "/heros" for ::1 at 2019-04-21 18:43:22 +0700
Processing by HerosController#create as */*
  Parameters: {"name"=>"Bat Man", "hero"=>{"name"=>"Bat Man"}}
  [1m[35m (0.2ms)[0m  [1m[35mBEGIN[0m
  ↳ app/controllers/heros_controller.rb:17
  [1m[36mHero Create (0.4ms)[0m  [1m[32mINSERT INTO `heros` (`name`, `created_at`, `updated_at`) VALUES ('Bat Man', '2019-04-21 11:43:22', '2019-04-21 11:43:22')[0m
  ↳ app/controllers/heros_controller.rb:17
  [1m[35m (3.0ms)[0m  [1m[35mCOMMIT[0m
  ↳ app/controllers/heros_controller.rb:17
[active_model_serializers] Rendered HeroSerializer with ActiveModelSerializers::Adapter::Attributes (0.25ms)
Completed 201 Created in 13ms (Views: 1.4ms | ActiveRecord: 3.7ms)


Started PATCH "/heros/5" for ::1 at 2019-04-21 18:44:01 +0700
Processing by HerosController#update as */*
  Parameters: {"name"=>"Winter Soldier", "id"=>"5", "hero"=>{"name"=>"Winter Soldier"}}
  [1m[36mHero Load (0.5ms)[0m  [1m[34mSELECT  `heros`.* FROM `heros` WHERE `heros`.`id` = 5 LIMIT 1[0m
  ↳ app/controllers/heros_controller.rb:39
  [1m[35m (0.2ms)[0m  [1m[35mBEGIN[0m
  ↳ app/controllers/heros_controller.rb:25
  [1m[36mHero Update (2.6ms)[0m  [1m[33mUPDATE `heros` SET `name` = 'Winter Soldier', `updated_at` = '2019-04-21 11:44:01' WHERE `heros`.`id` = 5[0m
  ↳ app/controllers/heros_controller.rb:25
  [1m[35m (2.4ms)[0m  [1m[35mCOMMIT[0m
  ↳ app/controllers/heros_controller.rb:25
[active_model_serializers] Rendered HeroSerializer with ActiveModelSerializers::Adapter::Attributes (0.23ms)
Completed 200 OK in 12ms (Views: 1.0ms | ActiveRecord: 5.6ms)


  [1m[35m (0.8ms)[0m  [1m[34mSELECT `heros`.`id`, `heros`.`name` FROM `heros`[0m
Started DELETE "/heros/4" for ::1 at 2019-04-21 18:44:33 +0700
Processing by HerosController#destroy as */*
  Parameters: {"name"=>"Winter Soldier", "id"=>"4", "hero"=>{"name"=>"Winter Soldier"}}
  [1m[36mHero Load (0.5ms)[0m  [1m[34mSELECT  `heros`.* FROM `heros` WHERE `heros`.`id` = 4 LIMIT 1[0m
  ↳ app/controllers/heros_controller.rb:39
  [1m[35m (0.2ms)[0m  [1m[35mBEGIN[0m
  ↳ app/controllers/heros_controller.rb:33
  [1m[36mHero Destroy (0.8ms)[0m  [1m[31mDELETE FROM `heros` WHERE `heros`.`id` = 4[0m
  ↳ app/controllers/heros_controller.rb:33
  [1m[35m (9.8ms)[0m  [1m[35mCOMMIT[0m
  ↳ app/controllers/heros_controller.rb:33
Completed 204 No Content in 15ms (ActiveRecord: 11.2ms)


  [1m[35m (0.9ms)[0m  [1m[34mSELECT `heros`.`id`, `heros`.`name` FROM `heros`[0m
Started POST "/heros" for ::1 at 2019-04-21 18:45:39 +0700
Processing by HerosController#create as */*
  Parameters: {"name"=>"Black Widow", "hero"=>{"name"=>"Black Widow"}}
  [1m[35m (0.2ms)[0m  [1m[35mBEGIN[0m
  ↳ app/controllers/heros_controller.rb:17
  [1m[36mHero Create (0.3ms)[0m  [1m[32mINSERT INTO `heros` (`name`, `created_at`, `updated_at`) VALUES ('Black Widow', '2019-04-21 11:45:39', '2019-04-21 11:45:39')[0m
  ↳ app/controllers/heros_controller.rb:17
  [1m[35m (2.5ms)[0m  [1m[35mCOMMIT[0m
  ↳ app/controllers/heros_controller.rb:17
[active_model_serializers] Rendered HeroSerializer with ActiveModelSerializers::Adapter::Attributes (0.14ms)
Completed 201 Created in 6ms (Views: 0.8ms | ActiveRecord: 3.0ms)


Started POST "/heros" for ::1 at 2019-04-21 18:45:54 +0700
Processing by HerosController#create as */*
  Parameters: {"name"=>"Spider Man", "hero"=>{"name"=>"Spider Man"}}
  [1m[35m (0.2ms)[0m  [1m[35mBEGIN[0m
  ↳ app/controllers/heros_controller.rb:17
  [1m[36mHero Create (0.3ms)[0m  [1m[32mINSERT INTO `heros` (`name`, `created_at`, `updated_at`) VALUES ('Spider Man', '2019-04-21 11:45:54', '2019-04-21 11:45:54')[0m
  ↳ app/controllers/heros_controller.rb:17
  [1m[35m (12.8ms)[0m  [1m[35mCOMMIT[0m
  ↳ app/controllers/heros_controller.rb:17
[active_model_serializers] Rendered HeroSerializer with ActiveModelSerializers::Adapter::Attributes (0.22ms)
Completed 201 Created in 18ms (Views: 1.2ms | ActiveRecord: 13.3ms)


  [1m[35m (0.7ms)[0m  [1m[34mSELECT `heros`.`id`, `heros`.`name` FROM `heros`[0m
Started POST "/heros" for ::1 at 2019-04-21 18:46:45 +0700
Processing by HerosController#create as */*
  Parameters: {"name"=>"Black Panther", "hero"=>{"name"=>"Black Panther"}}
  [1m[35m (0.2ms)[0m  [1m[35mBEGIN[0m
  ↳ app/controllers/heros_controller.rb:17
  [1m[36mHero Create (0.3ms)[0m  [1m[32mINSERT INTO `heros` (`name`, `created_at`, `updated_at`) VALUES ('Black Panther', '2019-04-21 11:46:45', '2019-04-21 11:46:45')[0m
  ↳ app/controllers/heros_controller.rb:17
  [1m[35m (2.3ms)[0m  [1m[35mCOMMIT[0m
  ↳ app/controllers/heros_controller.rb:17
[active_model_serializers] Rendered HeroSerializer with ActiveModelSerializers::Adapter::Attributes (0.16ms)
Completed 201 Created in 6ms (Views: 0.9ms | ActiveRecord: 2.7ms)


Started POST "/heros" for ::1 at 2019-04-21 18:47:01 +0700
Processing by HerosController#create as */*
  Parameters: {"name"=>"Nick Fury", "hero"=>{"name"=>"Nick Fury"}}
  [1m[35m (0.2ms)[0m  [1m[35mBEGIN[0m
  ↳ app/controllers/heros_controller.rb:17
  [1m[36mHero Create (0.4ms)[0m  [1m[32mINSERT INTO `heros` (`name`, `created_at`, `updated_at`) VALUES ('Nick Fury', '2019-04-21 11:47:01', '2019-04-21 11:47:01')[0m
  ↳ app/controllers/heros_controller.rb:17
  [1m[35m (9.8ms)[0m  [1m[35mCOMMIT[0m
  ↳ app/controllers/heros_controller.rb:17
[active_model_serializers] Rendered HeroSerializer with ActiveModelSerializers::Adapter::Attributes (0.22ms)
Completed 201 Created in 17ms (Views: 2.2ms | ActiveRecord: 10.5ms)


Started POST "/heros" for ::1 at 2019-04-21 18:50:04 +0700
Processing by HerosController#create as */*
  Parameters: {"name"=>"Deadpool", "hero"=>{"name"=>"Deadpool"}}
  [1m[35m (0.2ms)[0m  [1m[35mBEGIN[0m
  ↳ app/controllers/heros_controller.rb:17
  [1m[36mHero Create (0.3ms)[0m  [1m[32mINSERT INTO `heros` (`name`, `created_at`, `updated_at`) VALUES ('Deadpool', '2019-04-21 11:50:04', '2019-04-21 11:50:04')[0m
  ↳ app/controllers/heros_controller.rb:17
  [1m[35m (11.0ms)[0m  [1m[35mCOMMIT[0m
  ↳ app/controllers/heros_controller.rb:17
[active_model_serializers] Rendered HeroSerializer with ActiveModelSerializers::Adapter::Attributes (0.21ms)
Completed 201 Created in 16ms (Views: 1.7ms | ActiveRecord: 11.5ms)


  [1m[35m (0.8ms)[0m  [1m[34mSELECT `heros`.`id`, `heros`.`name` FROM `heros`[0m
  [1m[35m (0.6ms)[0m  [1m[34mSELECT `heros`.`id`, `heros`.`name` FROM `heros`[0m
Started POST "/heros" for ::1 at 2019-04-21 18:51:29 +0700
Processing by HerosController#create as */*
  Parameters: {"name"=>"Wolverine", "hero"=>{"name"=>"Wolverine"}}
  [1m[35m (0.2ms)[0m  [1m[35mBEGIN[0m
  ↳ app/controllers/heros_controller.rb:17
  [1m[36mHero Create (0.4ms)[0m  [1m[32mINSERT INTO `heros` (`name`, `created_at`, `updated_at`) VALUES ('Wolverine', '2019-04-21 11:51:29', '2019-04-21 11:51:29')[0m
  ↳ app/controllers/heros_controller.rb:17
  [1m[35m (11.2ms)[0m  [1m[35mCOMMIT[0m
  ↳ app/controllers/heros_controller.rb:17
[active_model_serializers] Rendered HeroSerializer with ActiveModelSerializers::Adapter::Attributes (0.26ms)
Completed 201 Created in 18ms (Views: 2.2ms | ActiveRecord: 11.9ms)


Started POST "/heros" for ::1 at 2019-04-21 18:52:21 +0700
Processing by HerosController#create as */*
  Parameters: {"name"=>"Hawkeye", "hero"=>{"name"=>"Hawkeye"}}
  [1m[35m (0.2ms)[0m  [1m[35mBEGIN[0m
  ↳ app/controllers/heros_controller.rb:17
  [1m[36mHero Create (0.3ms)[0m  [1m[32mINSERT INTO `heros` (`name`, `created_at`, `updated_at`) VALUES ('Hawkeye', '2019-04-21 11:52:21', '2019-04-21 11:52:21')[0m
  ↳ app/controllers/heros_controller.rb:17
  [1m[35m (18.5ms)[0m  [1m[35mCOMMIT[0m
  ↳ app/controllers/heros_controller.rb:17
[active_model_serializers] Rendered HeroSerializer with ActiveModelSerializers::Adapter::Attributes (0.15ms)
Completed 201 Created in 23ms (Views: 0.8ms | ActiveRecord: 19.0ms)


Started GET "/heros/1" for ::1 at 2019-04-21 22:23:29 +0700
  [1m[35m (17.9ms)[0m  [1m[35mSET NAMES utf8,  @@SESSION.sql_mode = CONCAT(CONCAT(@@sql_mode, ',STRICT_ALL_TABLES'), ',NO_AUTO_VALUE_ON_ZERO'),  @@SESSION.sql_auto_is_null = 0, @@SESSION.wait_timeout = 2147483[0m
  ↳ /home/c-nguyen/.rbenv/versions/2.6.2/lib/ruby/gems/2.6.0/gems/activerecord-5.2.3/lib/active_record/log_subscriber.rb:98
Processing by HerosController#show as HTML
  Parameters: {"id"=>"1"}
  [1m[36mHero Load (24.5ms)[0m  [1m[34mSELECT  `heros`.* FROM `heros` WHERE `heros`.`id` = 1 LIMIT 1[0m
  ↳ app/controllers/heros_controller.rb:39
[active_model_serializers] Rendered HeroSerializer with ActiveModelSerializers::Adapter::Attributes (0.34ms)
Completed 200 OK in 28ms (Views: 1.4ms | ActiveRecord: 24.5ms)


Started GET "/heros" for ::1 at 2019-04-21 22:23:41 +0700
Processing by HerosController#index as HTML
  [1m[36mHero Load (4.3ms)[0m  [1m[34mSELECT `heros`.* FROM `heros`[0m
  ↳ app/controllers/heros_controller.rb:7
[active_model_serializers] Rendered ActiveModel::Serializer::CollectionSerializer with ActiveModelSerializers::Adapter::Attributes (1.17ms)
Completed 200 OK in 9ms (Views: 3.9ms | ActiveRecord: 4.3ms)


Started GET "/heros" for ::1 at 2019-04-21 22:23:45 +0700
Processing by HerosController#index as HTML
  [1m[36mHero Load (0.5ms)[0m  [1m[34mSELECT `heros`.* FROM `heros`[0m
  ↳ app/controllers/heros_controller.rb:7
[active_model_serializers] Rendered ActiveModel::Serializer::CollectionSerializer with ActiveModelSerializers::Adapter::Attributes (1.38ms)
Completed 200 OK in 5ms (Views: 4.5ms | ActiveRecord: 0.5ms)


Started GET "/heros" for ::1 at 2019-04-21 22:24:28 +0700
Processing by HerosController#index as HTML
  [1m[36mHero Load (1.1ms)[0m  [1m[34mSELECT `heros`.* FROM `heros`[0m
  ↳ app/controllers/heros_controller.rb:7
[active_model_serializers] Rendered ActiveModel::Serializer::CollectionSerializer with ActiveModelSerializers::Adapter::Attributes (1.69ms)
Completed 200 OK in 7ms (Views: 5.7ms | ActiveRecord: 1.1ms)


Started GET "/heros" for ::1 at 2019-04-21 22:24:37 +0700
Processing by HerosController#index as HTML
  [1m[36mHero Load (0.4ms)[0m  [1m[34mSELECT `heros`.* FROM `heros`[0m
  ↳ app/controllers/heros_controller.rb:7
[active_model_serializers] Rendered ActiveModel::Serializer::CollectionSerializer with ActiveModelSerializers::Adapter::Attributes (1.31ms)
Completed 200 OK in 5ms (Views: 3.9ms | ActiveRecord: 0.4ms)


Started GET "/heros" for ::1 at 2019-04-21 22:25:18 +0700
Processing by HerosController#index as HTML
  [1m[36mHero Load (0.5ms)[0m  [1m[34mSELECT `heros`.* FROM `heros`[0m
  ↳ app/controllers/heros_controller.rb:7
[active_model_serializers] Rendered ActiveModel::Serializer::CollectionSerializer with ActiveModelSerializers::Adapter::Attributes (1.57ms)
Completed 200 OK in 6ms (Views: 5.0ms | ActiveRecord: 0.5ms)


Started GET "/heros" for ::1 at 2019-04-21 22:25:48 +0700
Processing by HerosController#index as HTML
  [1m[36mHero Load (1.5ms)[0m  [1m[34mSELECT `heros`.* FROM `heros`[0m
  ↳ app/controllers/heros_controller.rb:7
[active_model_serializers] Rendered ActiveModel::Serializer::CollectionSerializer with ActiveModelSerializers::Adapter::Attributes (1.44ms)
Completed 200 OK in 6ms (Views: 4.6ms | ActiveRecord: 1.5ms)


Started GET "/heros" for ::1 at 2019-04-21 22:25:54 +0700
Processing by HerosController#index as HTML
  [1m[36mHero Load (1.8ms)[0m  [1m[34mSELECT `heros`.* FROM `heros`[0m
  ↳ app/controllers/heros_controller.rb:7
[active_model_serializers] Rendered ActiveModel::Serializer::CollectionSerializer with ActiveModelSerializers::Adapter::Attributes (1.2ms)
Completed 200 OK in 7ms (Views: 5.2ms | ActiveRecord: 1.8ms)


Started GET "/heros" for ::1 at 2019-04-21 22:26:55 +0700
Processing by HerosController#index as HTML
  [1m[36mHero Load (0.7ms)[0m  [1m[34mSELECT `heros`.* FROM `heros`[0m
  ↳ app/controllers/heros_controller.rb:7
[active_model_serializers] Rendered ActiveModel::Serializer::CollectionSerializer with ActiveModelSerializers::Adapter::Attributes (2.73ms)
Completed 200 OK in 15ms (Views: 14.1ms | ActiveRecord: 0.7ms)


Started GET "/heros" for ::1 at 2019-04-21 22:34:16 +0700
  [1m[35m (0.4ms)[0m  [1m[35mSET NAMES utf8,  @@SESSION.sql_mode = CONCAT(CONCAT(@@sql_mode, ',STRICT_ALL_TABLES'), ',NO_AUTO_VALUE_ON_ZERO'),  @@SESSION.sql_auto_is_null = 0, @@SESSION.wait_timeout = 2147483[0m
  ↳ /home/c-nguyen/.rbenv/versions/2.6.2/lib/ruby/gems/2.6.0/gems/activerecord-5.2.3/lib/active_record/log_subscriber.rb:98
  [1m[35m (0.5ms)[0m  [1m[34mSELECT `schema_migrations`.`version` FROM `schema_migrations` ORDER BY `schema_migrations`.`version` ASC[0m
  ↳ /home/c-nguyen/.rbenv/versions/2.6.2/lib/ruby/gems/2.6.0/gems/activerecord-5.2.3/lib/active_record/log_subscriber.rb:98
Processing by HerosController#index as HTML
  [1m[36mHero Load (0.7ms)[0m  [1m[34mSELECT `heros`.* FROM `heros`[0m
  ↳ app/controllers/heros_controller.rb:7
[active_model_serializers] Rendered ActiveModel::Serializer::CollectionSerializer with ActiveModelSerializers::Adapter::Attributes (1.23ms)
Completed 200 OK in 31ms (Views: 25.2ms | ActiveRecord: 2.9ms)


Started GET "/heros" for ::1 at 2019-04-21 22:34:24 +0700
Processing by HerosController#index as HTML
  [1m[36mHero Load (0.6ms)[0m  [1m[34mSELECT `heros`.* FROM `heros`[0m
  ↳ app/controllers/heros_controller.rb:7
[active_model_serializers] Rendered ActiveModel::Serializer::CollectionSerializer with ActiveModelSerializers::Adapter::Attributes (4.82ms)
Completed 200 OK in 13ms (Views: 11.9ms | ActiveRecord: 0.6ms)


Started GET "/heros" for ::1 at 2019-04-21 22:34:31 +0700
Processing by HerosController#index as HTML
  [1m[36mHero Load (0.4ms)[0m  [1m[34mSELECT `heros`.* FROM `heros`[0m
  ↳ app/controllers/heros_controller.rb:7
[active_model_serializers] Rendered ActiveModel::Serializer::CollectionSerializer with ActiveModelSerializers::Adapter::Attributes (0.75ms)
Completed 200 OK in 4ms (Views: 3.1ms | ActiveRecord: 0.4ms)


Started GET "/heros" for ::1 at 2019-04-21 22:34:40 +0700
Processing by HerosController#index as HTML
  [1m[36mHero Load (0.5ms)[0m  [1m[34mSELECT `heros`.* FROM `heros`[0m
  ↳ app/controllers/heros_controller.rb:7
[active_model_serializers] Rendered ActiveModel::Serializer::CollectionSerializer with ActiveModelSerializers::Adapter::Attributes (1.69ms)
Completed 200 OK in 6ms (Views: 5.4ms | ActiveRecord: 0.5ms)


Started GET "/heros" for ::1 at 2019-04-21 22:36:49 +0700
Processing by HerosController#index as HTML
  [1m[36mHero Load (1.1ms)[0m  [1m[34mSELECT `heros`.* FROM `heros`[0m
  ↳ app/controllers/heros_controller.rb:7
[active_model_serializers] Rendered ActiveModel::Serializer::CollectionSerializer with ActiveModelSerializers::Adapter::Attributes (1.24ms)
Completed 200 OK in 6ms (Views: 4.1ms | ActiveRecord: 1.1ms)


Started GET "/heros" for ::1 at 2019-04-21 22:37:09 +0700
Processing by HerosController#index as HTML
  [1m[36mHero Load (0.5ms)[0m  [1m[34mSELECT `heros`.* FROM `heros`[0m
  ↳ app/controllers/heros_controller.rb:7
[active_model_serializers] Rendered ActiveModel::Serializer::CollectionSerializer with ActiveModelSerializers::Adapter::Attributes (0.77ms)
Completed 200 OK in 4ms (Views: 3.1ms | ActiveRecord: 0.5ms)


Started GET "/heros" for ::1 at 2019-04-21 22:38:36 +0700
Processing by HerosController#index as HTML
  [1m[36mHero Load (0.4ms)[0m  [1m[34mSELECT `heros`.* FROM `heros`[0m
  ↳ app/controllers/heros_controller.rb:7
[active_model_serializers] Rendered ActiveModel::Serializer::CollectionSerializer with ActiveModelSerializers::Adapter::Attributes (0.76ms)
Completed 200 OK in 3ms (Views: 2.6ms | ActiveRecord: 0.4ms)


Started GET "/heros" for ::1 at 2019-04-21 22:42:06 +0700
Processing by HerosController#index as HTML
  [1m[36mHero Load (0.5ms)[0m  [1m[34mSELECT `heros`.* FROM `heros`[0m
  ↳ app/controllers/heros_controller.rb:7
[active_model_serializers] Rendered ActiveModel::Serializer::CollectionSerializer with ActiveModelSerializers::Adapter::Attributes (2.18ms)
Completed 200 OK in 7ms (Views: 5.8ms | ActiveRecord: 0.5ms)


Started GET "/heros" for ::1 at 2019-04-21 22:42:32 +0700
Processing by HerosController#index as HTML
  [1m[36mHero Load (1.4ms)[0m  [1m[34mSELECT `heros`.* FROM `heros`[0m
  ↳ app/controllers/heros_controller.rb:7
[active_model_serializers] Rendered ActiveModel::Serializer::CollectionSerializer with ActiveModelSerializers::Adapter::Attributes (1.78ms)
Completed 200 OK in 12ms (Views: 10.7ms | ActiveRecord: 1.4ms)


Started GET "/heros" for ::1 at 2019-04-21 22:42:39 +0700
Processing by HerosController#index as HTML
  [1m[36mHero Load (0.6ms)[0m  [1m[34mSELECT `heros`.* FROM `heros`[0m
  ↳ app/controllers/heros_controller.rb:7
[active_model_serializers] Rendered ActiveModel::Serializer::CollectionSerializer with ActiveModelSerializers::Adapter::Attributes (1.47ms)
Completed 200 OK in 6ms (Views: 4.7ms | ActiveRecord: 0.6ms)


Started GET "/heros" for ::1 at 2019-04-21 22:42:42 +0700
Processing by HerosController#index as HTML
  [1m[36mHero Load (0.4ms)[0m  [1m[34mSELECT `heros`.* FROM `heros`[0m
  ↳ app/controllers/heros_controller.rb:7
[active_model_serializers] Rendered ActiveModel::Serializer::CollectionSerializer with ActiveModelSerializers::Adapter::Attributes (1.49ms)
Completed 200 OK in 8ms (Views: 6.9ms | ActiveRecord: 0.4ms)


Started GET "/heros" for ::1 at 2019-04-21 22:46:39 +0700
  [1m[35m (0.9ms)[0m  [1m[35mSET NAMES utf8,  @@SESSION.sql_mode = CONCAT(CONCAT(@@sql_mode, ',STRICT_ALL_TABLES'), ',NO_AUTO_VALUE_ON_ZERO'),  @@SESSION.sql_auto_is_null = 0, @@SESSION.wait_timeout = 2147483[0m
  ↳ /home/c-nguyen/.rbenv/versions/2.6.2/lib/ruby/gems/2.6.0/gems/activerecord-5.2.3/lib/active_record/log_subscriber.rb:98
  [1m[35m (0.5ms)[0m  [1m[34mSELECT `schema_migrations`.`version` FROM `schema_migrations` ORDER BY `schema_migrations`.`version` ASC[0m
  ↳ /home/c-nguyen/.rbenv/versions/2.6.2/lib/ruby/gems/2.6.0/gems/activerecord-5.2.3/lib/active_record/log_subscriber.rb:98
Processing by HerosController#index as HTML
  [1m[36mHero Load (0.5ms)[0m  [1m[34mSELECT `heros`.* FROM `heros`[0m
  ↳ app/controllers/heros_controller.rb:7
[active_model_serializers] Rendered ActiveModel::Serializer::CollectionSerializer with ActiveModelSerializers::Adapter::Attributes (1.08ms)
Completed 200 OK in 25ms (Views: 20.7ms | ActiveRecord: 2.5ms)


Started GET "/heros" for ::1 at 2019-04-21 22:46:40 +0700
Processing by HerosController#index as HTML
  [1m[36mHero Load (0.5ms)[0m  [1m[34mSELECT `heros`.* FROM `heros`[0m
  ↳ app/controllers/heros_controller.rb:7
[active_model_serializers] Rendered ActiveModel::Serializer::CollectionSerializer with ActiveModelSerializers::Adapter::Attributes (1.19ms)
Completed 200 OK in 5ms (Views: 4.3ms | ActiveRecord: 0.5ms)


Started GET "/heros" for ::1 at 2019-04-21 22:47:31 +0700
Processing by HerosController#index as HTML
  [1m[36mHero Load (0.6ms)[0m  [1m[34mSELECT `heros`.* FROM `heros`[0m
  ↳ app/controllers/heros_controller.rb:7
[active_model_serializers] Rendered ActiveModel::Serializer::CollectionSerializer with ActiveModelSerializers::Adapter::Attributes (1.52ms)
Completed 200 OK in 6ms (Views: 5.0ms | ActiveRecord: 0.6ms)


Started GET "/heros" for ::1 at 2019-04-21 22:59:29 +0700
  [1m[35m (0.9ms)[0m  [1m[35mSET NAMES utf8,  @@SESSION.sql_mode = CONCAT(CONCAT(@@sql_mode, ',STRICT_ALL_TABLES'), ',NO_AUTO_VALUE_ON_ZERO'),  @@SESSION.sql_auto_is_null = 0, @@SESSION.wait_timeout = 2147483[0m
  ↳ /home/c-nguyen/.rbenv/versions/2.6.2/lib/ruby/gems/2.6.0/gems/activerecord-5.2.3/lib/active_record/log_subscriber.rb:98
  [1m[35m (0.4ms)[0m  [1m[34mSELECT `schema_migrations`.`version` FROM `schema_migrations` ORDER BY `schema_migrations`.`version` ASC[0m
  ↳ /home/c-nguyen/.rbenv/versions/2.6.2/lib/ruby/gems/2.6.0/gems/activerecord-5.2.3/lib/active_record/log_subscriber.rb:98
Processing by HerosController#index as HTML
  [1m[36mHero Load (0.6ms)[0m  [1m[34mSELECT `heros`.* FROM `heros`[0m
  ↳ app/controllers/heros_controller.rb:7
[active_model_serializers] Rendered ActiveModel::Serializer::CollectionSerializer with ActiveModelSerializers::Adapter::Attributes (1.58ms)
Completed 200 OK in 28ms (Views: 22.2ms | ActiveRecord: 2.5ms)


Started GET "/heros" for ::1 at 2019-04-21 22:59:35 +0700
Processing by HerosController#index as HTML
  [1m[36mHero Load (0.7ms)[0m  [1m[34mSELECT `heros`.* FROM `heros`[0m
  ↳ app/controllers/heros_controller.rb:7
[active_model_serializers] Rendered ActiveModel::Serializer::CollectionSerializer with ActiveModelSerializers::Adapter::Attributes (1.24ms)
Completed 200 OK in 6ms (Views: 4.5ms | ActiveRecord: 0.7ms)


Started GET "/heros" for ::1 at 2019-04-21 23:00:14 +0700
Processing by HerosController#index as HTML
  [1m[36mHero Load (0.8ms)[0m  [1m[34mSELECT `heros`.* FROM `heros`[0m
  ↳ app/controllers/heros_controller.rb:7
[active_model_serializers] Rendered ActiveModel::Serializer::CollectionSerializer with ActiveModelSerializers::Adapter::Attributes (2.06ms)
Completed 200 OK in 7ms (Views: 5.8ms | ActiveRecord: 0.8ms)


Started GET "/heros" for ::1 at 2019-04-21 23:00:16 +0700
Processing by HerosController#index as HTML
  [1m[36mHero Load (0.6ms)[0m  [1m[34mSELECT `heros`.* FROM `heros`[0m
  ↳ app/controllers/heros_controller.rb:7
[active_model_serializers] Rendered ActiveModel::Serializer::CollectionSerializer with ActiveModelSerializers::Adapter::Attributes (2.48ms)
Completed 200 OK in 14ms (Views: 13.4ms | ActiveRecord: 0.6ms)


Started GET "/heros" for ::1 at 2019-04-21 23:03:45 +0700
Processing by HerosController#index as HTML
  [1m[36mHero Load (1.2ms)[0m  [1m[34mSELECT `heros`.* FROM `heros`[0m
  ↳ app/controllers/heros_controller.rb:7
[active_model_serializers] Rendered ActiveModel::Serializer::CollectionSerializer with ActiveModelSerializers::Adapter::Attributes (1.29ms)
Completed 200 OK in 6ms (Views: 4.4ms | ActiveRecord: 1.2ms)


Started GET "/heros" for ::1 at 2019-04-21 23:03:52 +0700
Processing by HerosController#index as HTML
  [1m[36mHero Load (0.4ms)[0m  [1m[34mSELECT `heros`.* FROM `heros`[0m
  ↳ app/controllers/heros_controller.rb:7
[active_model_serializers] Rendered ActiveModel::Serializer::CollectionSerializer with ActiveModelSerializers::Adapter::Attributes (0.86ms)
Completed 200 OK in 4ms (Views: 3.6ms | ActiveRecord: 0.4ms)


Started GET "/heros" for ::1 at 2019-04-21 23:07:39 +0700
  [1m[35m (10.0ms)[0m  [1m[35mSET NAMES utf8,  @@SESSION.sql_mode = CONCAT(CONCAT(@@sql_mode, ',STRICT_ALL_TABLES'), ',NO_AUTO_VALUE_ON_ZERO'),  @@SESSION.sql_auto_is_null = 0, @@SESSION.wait_timeout = 2147483[0m
  ↳ /home/c-nguyen/.rbenv/versions/2.6.2/lib/ruby/gems/2.6.0/gems/activerecord-5.2.3/lib/active_record/log_subscriber.rb:98
  [1m[35m (8.0ms)[0m  [1m[34mSELECT `schema_migrations`.`version` FROM `schema_migrations` ORDER BY `schema_migrations`.`version` ASC[0m
  ↳ /home/c-nguyen/.rbenv/versions/2.6.2/lib/ruby/gems/2.6.0/gems/activerecord-5.2.3/lib/active_record/log_subscriber.rb:98
Processing by HerosController#index as HTML
  [1m[36mHero Load (3.6ms)[0m  [1m[34mSELECT `heros`.* FROM `heros`[0m
  ↳ app/controllers/heros_controller.rb:7
[active_model_serializers] Rendered ActiveModel::Serializer::CollectionSerializer with ActiveModelSerializers::Adapter::Attributes (3.3ms)
Completed 200 OK in 118ms (Views: 102.8ms | ActiveRecord: 11.9ms)


Started GET "/heros" for ::1 at 2019-04-21 23:07:51 +0700
Processing by HerosController#index as HTML
  [1m[36mHero Load (0.5ms)[0m  [1m[34mSELECT `heros`.* FROM `heros`[0m
  ↳ app/controllers/heros_controller.rb:7
[active_model_serializers] Rendered ActiveModel::Serializer::CollectionSerializer with ActiveModelSerializers::Adapter::Attributes (1.2ms)
Completed 200 OK in 5ms (Views: 4.2ms | ActiveRecord: 0.5ms)


Started GET "/heros/1" for ::1 at 2019-04-21 23:07:52 +0700
Processing by HerosController#show as HTML
  Parameters: {"id"=>"1"}
  [1m[36mHero Load (0.5ms)[0m  [1m[34mSELECT  `heros`.* FROM `heros` WHERE `heros`.`id` = 1 LIMIT 1[0m
  ↳ app/controllers/heros_controller.rb:39
[active_model_serializers] Rendered HeroSerializer with ActiveModelSerializers::Adapter::Attributes (0.45ms)
Completed 200 OK in 15ms (Views: 2.3ms | ActiveRecord: 0.5ms)


Started GET "/heros" for ::1 at 2019-04-21 23:08:04 +0700
Processing by HerosController#index as HTML
  [1m[36mHero Load (0.5ms)[0m  [1m[34mSELECT `heros`.* FROM `heros`[0m
  ↳ app/controllers/heros_controller.rb:7
[active_model_serializers] Rendered ActiveModel::Serializer::CollectionSerializer with ActiveModelSerializers::Adapter::Attributes (1.28ms)
Completed 200 OK in 5ms (Views: 4.4ms | ActiveRecord: 0.5ms)


Started GET "/heros/12" for ::1 at 2019-04-21 23:08:08 +0700
Processing by HerosController#show as HTML
  Parameters: {"id"=>"12"}
  [1m[36mHero Load (0.5ms)[0m  [1m[34mSELECT  `heros`.* FROM `heros` WHERE `heros`.`id` = 12 LIMIT 1[0m
  ↳ app/controllers/heros_controller.rb:39
[active_model_serializers] Rendered HeroSerializer with ActiveModelSerializers::Adapter::Attributes (0.23ms)
Completed 200 OK in 3ms (Views: 0.9ms | ActiveRecord: 0.5ms)


Started GET "/heros" for ::1 at 2019-04-21 23:08:38 +0700
  [1m[35m (0.9ms)[0m  [1m[35mSET NAMES utf8,  @@SESSION.sql_mode = CONCAT(CONCAT(@@sql_mode, ',STRICT_ALL_TABLES'), ',NO_AUTO_VALUE_ON_ZERO'),  @@SESSION.sql_auto_is_null = 0, @@SESSION.wait_timeout = 2147483[0m
  ↳ /home/c-nguyen/.rbenv/versions/2.6.2/lib/ruby/gems/2.6.0/gems/activerecord-5.2.3/lib/active_record/log_subscriber.rb:98
  [1m[35m (0.6ms)[0m  [1m[34mSELECT `schema_migrations`.`version` FROM `schema_migrations` ORDER BY `schema_migrations`.`version` ASC[0m
  ↳ /home/c-nguyen/.rbenv/versions/2.6.2/lib/ruby/gems/2.6.0/gems/activerecord-5.2.3/lib/active_record/log_subscriber.rb:98
Processing by HerosController#index as HTML
  [1m[36mHero Load (0.5ms)[0m  [1m[34mSELECT `heros`.* FROM `heros`[0m
  ↳ app/controllers/heros_controller.rb:7
[active_model_serializers] Rendered ActiveModel::Serializer::CollectionSerializer with ActiveModelSerializers::Adapter::Attributes (1.44ms)
Completed 200 OK in 36ms (Views: 29.9ms | ActiveRecord: 3.2ms)


Started GET "/heros/6" for ::1 at 2019-04-21 23:09:02 +0700
  [1m[35m (0.5ms)[0m  [1m[35mSET NAMES utf8,  @@SESSION.sql_mode = CONCAT(CONCAT(@@sql_mode, ',STRICT_ALL_TABLES'), ',NO_AUTO_VALUE_ON_ZERO'),  @@SESSION.sql_auto_is_null = 0, @@SESSION.wait_timeout = 2147483[0m
  ↳ /home/c-nguyen/.rbenv/versions/2.6.2/lib/ruby/gems/2.6.0/gems/activerecord-5.2.3/lib/active_record/log_subscriber.rb:98
  [1m[35m (0.4ms)[0m  [1m[34mSELECT `schema_migrations`.`version` FROM `schema_migrations` ORDER BY `schema_migrations`.`version` ASC[0m
  ↳ /home/c-nguyen/.rbenv/versions/2.6.2/lib/ruby/gems/2.6.0/gems/activerecord-5.2.3/lib/active_record/log_subscriber.rb:98
Processing by HerosController#show as HTML
  Parameters: {"id"=>"6"}
  [1m[36mHero Load (0.4ms)[0m  [1m[34mSELECT  `heros`.* FROM `heros` WHERE `heros`.`id` = 6 LIMIT 1[0m
  ↳ app/controllers/heros_controller.rb:39
[active_model_serializers] Rendered HeroSerializer with ActiveModelSerializers::Adapter::Attributes (0.26ms)
Completed 200 OK in 18ms (Views: 6.1ms | ActiveRecord: 2.1ms)


Started GET "/heros/6" for ::1 at 2019-04-21 23:10:05 +0700
Processing by HerosController#show as HTML
  Parameters: {"id"=>"6"}
  [1m[36mHero Load (0.9ms)[0m  [1m[34mSELECT  `heros`.* FROM `heros` WHERE `heros`.`id` = 6 LIMIT 1[0m
  ↳ app/controllers/heros_controller.rb:39
[active_model_serializers] Rendered HeroSerializer with ActiveModelSerializers::Adapter::Attributes (0.25ms)
Completed 200 OK in 6ms (Views: 2.4ms | ActiveRecord: 0.9ms)


Started GET "/heros/6" for ::1 at 2019-04-21 23:12:05 +0700
Processing by HerosController#show as HTML
  Parameters: {"id"=>"6"}
  [1m[36mHero Load (0.9ms)[0m  [1m[34mSELECT  `heros`.* FROM `heros` WHERE `heros`.`id` = 6 LIMIT 1[0m
  ↳ app/controllers/heros_controller.rb:39
[active_model_serializers] Rendered HeroSerializer with ActiveModelSerializers::Adapter::Attributes (0.27ms)
Completed 200 OK in 4ms (Views: 1.0ms | ActiveRecord: 0.9ms)


Started GET "/heros/6" for ::1 at 2019-04-21 23:12:36 +0700
Processing by HerosController#show as HTML
  Parameters: {"id"=>"6"}
  [1m[36mHero Load (0.9ms)[0m  [1m[34mSELECT  `heros`.* FROM `heros` WHERE `heros`.`id` = 6 LIMIT 1[0m
  ↳ app/controllers/heros_controller.rb:39
[active_model_serializers] Rendered HeroSerializer with ActiveModelSerializers::Adapter::Attributes (0.24ms)
Completed 200 OK in 4ms (Views: 1.1ms | ActiveRecord: 0.9ms)


Started GET "/heros/6" for ::1 at 2019-04-21 23:14:55 +0700
Processing by HerosController#show as HTML
  Parameters: {"id"=>"6"}
  [1m[36mHero Load (0.7ms)[0m  [1m[34mSELECT  `heros`.* FROM `heros` WHERE `heros`.`id` = 6 LIMIT 1[0m
  ↳ app/controllers/heros_controller.rb:39
[active_model_serializers] Rendered HeroSerializer with ActiveModelSerializers::Adapter::Attributes (0.24ms)
Completed 200 OK in 3ms (Views: 1.0ms | ActiveRecord: 0.7ms)


Started GET "/heros/6" for ::1 at 2019-04-21 23:15:04 +0700
Processing by HerosController#show as HTML
  Parameters: {"id"=>"6"}
  [1m[36mHero Load (0.6ms)[0m  [1m[34mSELECT  `heros`.* FROM `heros` WHERE `heros`.`id` = 6 LIMIT 1[0m
  ↳ app/controllers/heros_controller.rb:39
[active_model_serializers] Rendered HeroSerializer with ActiveModelSerializers::Adapter::Attributes (0.24ms)
Completed 200 OK in 4ms (Views: 1.6ms | ActiveRecord: 0.6ms)


Started GET "/heros/6" for ::1 at 2019-04-21 23:15:29 +0700
Processing by HerosController#show as HTML
  Parameters: {"id"=>"6"}
  [1m[36mHero Load (0.9ms)[0m  [1m[34mSELECT  `heros`.* FROM `heros` WHERE `heros`.`id` = 6 LIMIT 1[0m
  ↳ app/controllers/heros_controller.rb:39
[active_model_serializers] Rendered HeroSerializer with ActiveModelSerializers::Adapter::Attributes (0.24ms)
Completed 200 OK in 4ms (Views: 1.0ms | ActiveRecord: 0.9ms)


Started GET "/heros/6" for ::1 at 2019-04-21 23:18:12 +0700
Processing by HerosController#show as HTML
  Parameters: {"id"=>"6"}
  [1m[36mHero Load (0.8ms)[0m  [1m[34mSELECT  `heros`.* FROM `heros` WHERE `heros`.`id` = 6 LIMIT 1[0m
  ↳ app/controllers/heros_controller.rb:39
[active_model_serializers] Rendered HeroSerializer with ActiveModelSerializers::Adapter::Attributes (0.28ms)
Completed 200 OK in 7ms (Views: 1.3ms | ActiveRecord: 0.8ms)


Started GET "/heros/6" for ::1 at 2019-04-21 23:20:05 +0700
Processing by HerosController#show as HTML
  Parameters: {"id"=>"6"}
  [1m[36mHero Load (0.5ms)[0m  [1m[34mSELECT  `heros`.* FROM `heros` WHERE `heros`.`id` = 6 LIMIT 1[0m
  ↳ app/controllers/heros_controller.rb:39
[active_model_serializers] Rendered HeroSerializer with ActiveModelSerializers::Adapter::Attributes (0.26ms)
Completed 200 OK in 3ms (Views: 1.0ms | ActiveRecord: 0.5ms)


Started GET "/heros/6" for ::1 at 2019-04-21 23:20:46 +0700
Processing by HerosController#show as HTML
  Parameters: {"id"=>"6"}
  [1m[36mHero Load (0.5ms)[0m  [1m[34mSELECT  `heros`.* FROM `heros` WHERE `heros`.`id` = 6 LIMIT 1[0m
  ↳ app/controllers/heros_controller.rb:39
[active_model_serializers] Rendered HeroSerializer with ActiveModelSerializers::Adapter::Attributes (0.2ms)
Completed 200 OK in 3ms (Views: 0.9ms | ActiveRecord: 0.5ms)


Started GET "/heros" for ::1 at 2019-04-21 23:21:01 +0700
Processing by HerosController#index as HTML
  [1m[36mHero Load (0.5ms)[0m  [1m[34mSELECT `heros`.* FROM `heros`[0m
  ↳ app/controllers/heros_controller.rb:7
[active_model_serializers] Rendered ActiveModel::Serializer::CollectionSerializer with ActiveModelSerializers::Adapter::Attributes (1.78ms)
Completed 200 OK in 7ms (Views: 5.8ms | ActiveRecord: 0.5ms)


Started GET "/heros/9" for ::1 at 2019-04-21 23:21:07 +0700
Processing by HerosController#show as HTML
  Parameters: {"id"=>"9"}
  [1m[36mHero Load (0.5ms)[0m  [1m[34mSELECT  `heros`.* FROM `heros` WHERE `heros`.`id` = 9 LIMIT 1[0m
  ↳ app/controllers/heros_controller.rb:39
[active_model_serializers] Rendered HeroSerializer with ActiveModelSerializers::Adapter::Attributes (0.25ms)
Completed 200 OK in 4ms (Views: 1.6ms | ActiveRecord: 0.5ms)


Started PATCH "/heros" for ::1 at 2019-04-21 23:21:14 +0700
  
ActionController::RoutingError (No route matches [PATCH] "/heros"):
  
actionpack (5.2.3) lib/action_dispatch/middleware/debug_exceptions.rb:65:in `call'
actionpack (5.2.3) lib/action_dispatch/middleware/show_exceptions.rb:33:in `call'
railties (5.2.3) lib/rails/rack/logger.rb:38:in `call_app'
railties (5.2.3) lib/rails/rack/logger.rb:26:in `block in call'
activesupport (5.2.3) lib/active_support/tagged_logging.rb:71:in `block in tagged'
activesupport (5.2.3) lib/active_support/tagged_logging.rb:28:in `tagged'
activesupport (5.2.3) lib/active_support/tagged_logging.rb:71:in `tagged'
railties (5.2.3) lib/rails/rack/logger.rb:26:in `call'
actionpack (5.2.3) lib/action_dispatch/middleware/remote_ip.rb:81:in `call'
actionpack (5.2.3) lib/action_dispatch/middleware/request_id.rb:27:in `call'
rack (2.0.7) lib/rack/runtime.rb:22:in `call'
activesupport (5.2.3) lib/active_support/cache/strategy/local_cache_middleware.rb:29:in `call'
actionpack (5.2.3) lib/action_dispatch/middleware/executor.rb:14:in `call'
actionpack (5.2.3) lib/action_dispatch/middleware/static.rb:127:in `call'
rack (2.0.7) lib/rack/sendfile.rb:111:in `call'
rack-cors (1.0.3) lib/rack/cors.rb:95:in `call'
railties (5.2.3) lib/rails/engine.rb:524:in `call'
puma (3.12.1) lib/puma/configuration.rb:227:in `call'
puma (3.12.1) lib/puma/server.rb:660:in `handle_request'
puma (3.12.1) lib/puma/server.rb:474:in `process_client'
puma (3.12.1) lib/puma/server.rb:334:in `block in run'
puma (3.12.1) lib/puma/thread_pool.rb:135:in `block in spawn_thread'
Started GET "/heros" for ::1 at 2019-04-21 23:21:14 +0700
Processing by HerosController#index as HTML
  [1m[36mHero Load (0.6ms)[0m  [1m[34mSELECT `heros`.* FROM `heros`[0m
  ↳ app/controllers/heros_controller.rb:7
[active_model_serializers] Rendered ActiveModel::Serializer::CollectionSerializer with ActiveModelSerializers::Adapter::Attributes (6.37ms)
Completed 200 OK in 11ms (Views: 9.8ms | ActiveRecord: 0.6ms)


Started GET "/heros" for ::1 at 2019-04-21 23:21:55 +0700
Processing by HerosController#index as HTML
  [1m[36mHero Load (0.5ms)[0m  [1m[34mSELECT `heros`.* FROM `heros`[0m
  ↳ app/controllers/heros_controller.rb:7
[active_model_serializers] Rendered ActiveModel::Serializer::CollectionSerializer with ActiveModelSerializers::Adapter::Attributes (1.34ms)
Completed 200 OK in 6ms (Views: 4.7ms | ActiveRecord: 0.5ms)


Started GET "/heros" for ::1 at 2019-04-21 23:22:40 +0700
Processing by HerosController#index as HTML
  [1m[36mHero Load (1.1ms)[0m  [1m[34mSELECT `heros`.* FROM `heros`[0m
  ↳ app/controllers/heros_controller.rb:7
[active_model_serializers] Rendered ActiveModel::Serializer::CollectionSerializer with ActiveModelSerializers::Adapter::Attributes (1.37ms)
Completed 200 OK in 5ms (Views: 4.1ms | ActiveRecord: 1.1ms)


Started GET "/heros/9" for ::1 at 2019-04-21 23:22:53 +0700
Processing by HerosController#show as HTML
  Parameters: {"id"=>"9"}
  [1m[36mHero Load (0.5ms)[0m  [1m[34mSELECT  `heros`.* FROM `heros` WHERE `heros`.`id` = 9 LIMIT 1[0m
  ↳ app/controllers/heros_controller.rb:39
[active_model_serializers] Rendered HeroSerializer with ActiveModelSerializers::Adapter::Attributes (0.26ms)
Completed 200 OK in 3ms (Views: 1.5ms | ActiveRecord: 0.5ms)


Started PATCH "/heros" for ::1 at 2019-04-21 23:22:55 +0700
  
ActionController::RoutingError (No route matches [PATCH] "/heros"):
  
actionpack (5.2.3) lib/action_dispatch/middleware/debug_exceptions.rb:65:in `call'
actionpack (5.2.3) lib/action_dispatch/middleware/show_exceptions.rb:33:in `call'
railties (5.2.3) lib/rails/rack/logger.rb:38:in `call_app'
railties (5.2.3) lib/rails/rack/logger.rb:26:in `block in call'
activesupport (5.2.3) lib/active_support/tagged_logging.rb:71:in `block in tagged'
activesupport (5.2.3) lib/active_support/tagged_logging.rb:28:in `tagged'
activesupport (5.2.3) lib/active_support/tagged_logging.rb:71:in `tagged'
railties (5.2.3) lib/rails/rack/logger.rb:26:in `call'
actionpack (5.2.3) lib/action_dispatch/middleware/remote_ip.rb:81:in `call'
actionpack (5.2.3) lib/action_dispatch/middleware/request_id.rb:27:in `call'
rack (2.0.7) lib/rack/runtime.rb:22:in `call'
activesupport (5.2.3) lib/active_support/cache/strategy/local_cache_middleware.rb:29:in `call'
actionpack (5.2.3) lib/action_dispatch/middleware/executor.rb:14:in `call'
actionpack (5.2.3) lib/action_dispatch/middleware/static.rb:127:in `call'
rack (2.0.7) lib/rack/sendfile.rb:111:in `call'
rack-cors (1.0.3) lib/rack/cors.rb:95:in `call'
railties (5.2.3) lib/rails/engine.rb:524:in `call'
puma (3.12.1) lib/puma/configuration.rb:227:in `call'
puma (3.12.1) lib/puma/server.rb:660:in `handle_request'
puma (3.12.1) lib/puma/server.rb:474:in `process_client'
puma (3.12.1) lib/puma/server.rb:334:in `block in run'
puma (3.12.1) lib/puma/thread_pool.rb:135:in `block in spawn_thread'
Started GET "/heros" for ::1 at 2019-04-21 23:22:55 +0700
Processing by HerosController#index as HTML
  [1m[36mHero Load (0.5ms)[0m  [1m[34mSELECT `heros`.* FROM `heros`[0m
  ↳ app/controllers/heros_controller.rb:7
[active_model_serializers] Rendered ActiveModel::Serializer::CollectionSerializer with ActiveModelSerializers::Adapter::Attributes (1.02ms)
Completed 200 OK in 4ms (Views: 3.7ms | ActiveRecord: 0.5ms)


Started GET "/heros" for ::1 at 2019-04-21 23:23:49 +0700
Processing by HerosController#index as HTML
  [1m[36mHero Load (0.8ms)[0m  [1m[34mSELECT `heros`.* FROM `heros`[0m
  ↳ app/controllers/heros_controller.rb:7
[active_model_serializers] Rendered ActiveModel::Serializer::CollectionSerializer with ActiveModelSerializers::Adapter::Attributes (2.67ms)
Completed 200 OK in 13ms (Views: 11.7ms | ActiveRecord: 0.8ms)


Started GET "/heros/9" for ::1 at 2019-04-21 23:23:54 +0700
Processing by HerosController#show as HTML
  Parameters: {"id"=>"9"}
  [1m[36mHero Load (0.4ms)[0m  [1m[34mSELECT  `heros`.* FROM `heros` WHERE `heros`.`id` = 9 LIMIT 1[0m
  ↳ app/controllers/heros_controller.rb:39
[active_model_serializers] Rendered HeroSerializer with ActiveModelSerializers::Adapter::Attributes (0.25ms)
Completed 200 OK in 4ms (Views: 2.1ms | ActiveRecord: 0.4ms)


Started PATCH "/heros/9" for ::1 at 2019-04-21 23:23:59 +0700
Processing by HerosController#update as HTML
  Parameters: {"id"=>"9", "name"=>"Nick Fury ff", "hero"=>{"id"=>"9", "name"=>"Nick Fury ff"}}
  [1m[36mHero Load (0.6ms)[0m  [1m[34mSELECT  `heros`.* FROM `heros` WHERE `heros`.`id` = 9 LIMIT 1[0m
  ↳ app/controllers/heros_controller.rb:39
Unpermitted parameter: :id
  [1m[35m (0.3ms)[0m  [1m[35mBEGIN[0m
  ↳ app/controllers/heros_controller.rb:25
  [1m[36mHero Update (11.7ms)[0m  [1m[33mUPDATE `heros` SET `name` = 'Nick Fury ff', `updated_at` = '2019-04-21 16:23:59' WHERE `heros`.`id` = 9[0m
  ↳ app/controllers/heros_controller.rb:25
  [1m[35m (2.9ms)[0m  [1m[35mCOMMIT[0m
  ↳ app/controllers/heros_controller.rb:25
[active_model_serializers] Rendered HeroSerializer with ActiveModelSerializers::Adapter::Attributes (0.37ms)
Completed 200 OK in 23ms (Views: 1.4ms | ActiveRecord: 15.5ms)


Started GET "/heros" for ::1 at 2019-04-21 23:23:59 +0700
Processing by HerosController#index as HTML
  [1m[36mHero Load (0.7ms)[0m  [1m[34mSELECT `heros`.* FROM `heros`[0m
  ↳ app/controllers/heros_controller.rb:7
[active_model_serializers] Rendered ActiveModel::Serializer::CollectionSerializer with ActiveModelSerializers::Adapter::Attributes (1.45ms)
Completed 200 OK in 5ms (Views: 4.1ms | ActiveRecord: 0.7ms)


Started GET "/heros" for ::1 at 2019-04-21 23:24:24 +0700
Processing by HerosController#index as HTML
  [1m[36mHero Load (0.6ms)[0m  [1m[34mSELECT `heros`.* FROM `heros`[0m
  ↳ app/controllers/heros_controller.rb:7
[active_model_serializers] Rendered ActiveModel::Serializer::CollectionSerializer with ActiveModelSerializers::Adapter::Attributes (2.92ms)
Completed 200 OK in 7ms (Views: 5.9ms | ActiveRecord: 0.6ms)


Started GET "/heros/9" for ::1 at 2019-04-21 23:24:30 +0700
Processing by HerosController#show as HTML
  Parameters: {"id"=>"9"}
  [1m[36mHero Load (0.7ms)[0m  [1m[34mSELECT  `heros`.* FROM `heros` WHERE `heros`.`id` = 9 LIMIT 1[0m
  ↳ app/controllers/heros_controller.rb:39
[active_model_serializers] Rendered HeroSerializer with ActiveModelSerializers::Adapter::Attributes (0.21ms)
Completed 200 OK in 5ms (Views: 1.6ms | ActiveRecord: 0.7ms)


Started PATCH "/heros/9" for ::1 at 2019-04-21 23:24:34 +0700
Processing by HerosController#update as HTML
  Parameters: {"id"=>"9", "name"=>"Nick Fury", "hero"=>{"id"=>"9", "name"=>"Nick Fury"}}
  [1m[36mHero Load (0.6ms)[0m  [1m[34mSELECT  `heros`.* FROM `heros` WHERE `heros`.`id` = 9 LIMIT 1[0m
  ↳ app/controllers/heros_controller.rb:39
Unpermitted parameter: :id
  [1m[35m (0.2ms)[0m  [1m[35mBEGIN[0m
  ↳ app/controllers/heros_controller.rb:25
  [1m[36mHero Update (0.7ms)[0m  [1m[33mUPDATE `heros` SET `name` = 'Nick Fury', `updated_at` = '2019-04-21 16:24:34' WHERE `heros`.`id` = 9[0m
  ↳ app/controllers/heros_controller.rb:25
  [1m[35m (11.1ms)[0m  [1m[35mCOMMIT[0m
  ↳ app/controllers/heros_controller.rb:25
[active_model_serializers] Rendered HeroSerializer with ActiveModelSerializers::Adapter::Attributes (0.19ms)
Completed 200 OK in 18ms (Views: 1.0ms | ActiveRecord: 12.7ms)


Started GET "/heros" for ::1 at 2019-04-21 23:24:34 +0700
Processing by HerosController#index as HTML
  [1m[36mHero Load (0.4ms)[0m  [1m[34mSELECT `heros`.* FROM `heros`[0m
  ↳ app/controllers/heros_controller.rb:7
[active_model_serializers] Rendered ActiveModel::Serializer::CollectionSerializer with ActiveModelSerializers::Adapter::Attributes (1.27ms)
Completed 200 OK in 5ms (Views: 4.1ms | ActiveRecord: 0.4ms)


Started GET "/" for ::1 at 2019-04-21 23:37:38 +0700
  [1m[35m (0.3ms)[0m  [1m[35mSET NAMES utf8,  @@SESSION.sql_mode = CONCAT(CONCAT(@@sql_mode, ',STRICT_ALL_TABLES'), ',NO_AUTO_VALUE_ON_ZERO'),  @@SESSION.sql_auto_is_null = 0, @@SESSION.wait_timeout = 2147483[0m
  ↳ /home/c-nguyen/.rbenv/versions/2.6.2/lib/ruby/gems/2.6.0/gems/activerecord-5.2.3/lib/active_record/log_subscriber.rb:98
  [1m[35m (0.8ms)[0m  [1m[34mSELECT `schema_migrations`.`version` FROM `schema_migrations` ORDER BY `schema_migrations`.`version` ASC[0m
  ↳ /home/c-nguyen/.rbenv/versions/2.6.2/lib/ruby/gems/2.6.0/gems/activerecord-5.2.3/lib/active_record/log_subscriber.rb:98
Processing by Rails::WelcomeController#index as HTML
  Rendering /home/c-nguyen/.rbenv/versions/2.6.2/lib/ruby/gems/2.6.0/gems/railties-5.2.3/lib/rails/templates/rails/welcome/index.html.erb
  Rendered /home/c-nguyen/.rbenv/versions/2.6.2/lib/ruby/gems/2.6.0/gems/railties-5.2.3/lib/rails/templates/rails/welcome/index.html.erb (3.0ms)
Completed 200 OK in 8ms (Views: 5.0ms | ActiveRecord: 0.0ms)


Started GET "/heros" for ::1 at 2019-04-21 23:37:42 +0700
Processing by HerosController#index as HTML
  [1m[36mHero Load (0.8ms)[0m  [1m[34mSELECT `heros`.* FROM `heros`[0m
  ↳ app/controllers/heros_controller.rb:7
[active_model_serializers] Rendered ActiveModel::Serializer::CollectionSerializer with ActiveModelSerializers::Adapter::Attributes (1.64ms)
Completed 200 OK in 31ms (Views: 25.3ms | ActiveRecord: 3.0ms)


Started GET "/" for ::1 at 2019-04-21 23:48:57 +0700
  [1m[35m (0.8ms)[0m  [1m[35mSET NAMES utf8,  @@SESSION.sql_mode = CONCAT(CONCAT(@@sql_mode, ',STRICT_ALL_TABLES'), ',NO_AUTO_VALUE_ON_ZERO'),  @@SESSION.sql_auto_is_null = 0, @@SESSION.wait_timeout = 2147483[0m
  ↳ /home/c-nguyen/.rbenv/versions/2.6.2/lib/ruby/gems/2.6.0/gems/activerecord-5.2.3/lib/active_record/log_subscriber.rb:98
  [1m[35m (0.6ms)[0m  [1m[34mSELECT `schema_migrations`.`version` FROM `schema_migrations` ORDER BY `schema_migrations`.`version` ASC[0m
  ↳ /home/c-nguyen/.rbenv/versions/2.6.2/lib/ruby/gems/2.6.0/gems/activerecord-5.2.3/lib/active_record/log_subscriber.rb:98
Processing by Rails::WelcomeController#index as HTML
  Rendering /home/c-nguyen/.rbenv/versions/2.6.2/lib/ruby/gems/2.6.0/gems/railties-5.2.3/lib/rails/templates/rails/welcome/index.html.erb
  Rendered /home/c-nguyen/.rbenv/versions/2.6.2/lib/ruby/gems/2.6.0/gems/railties-5.2.3/lib/rails/templates/rails/welcome/index.html.erb (3.0ms)
Completed 200 OK in 6ms (Views: 5.2ms | ActiveRecord: 0.0ms)


Started GET "/heros" for ::1 at 2019-04-21 23:49:00 +0700
Processing by HerosController#index as HTML
  [1m[36mHero Load (5.9ms)[0m  [1m[34mSELECT `heros`.* FROM `heros`[0m
  ↳ app/controllers/heros_controller.rb:7
[active_model_serializers] Rendered ActiveModel::Serializer::CollectionSerializer with ActiveModelSerializers::Adapter::Attributes (21.11ms)
Completed 200 OK in 57ms (Views: 43.9ms | ActiveRecord: 7.5ms)


